[2025-10-16 17:28:21] [INFO] profile_dir의 경로는 d:\coding\band_project\accounts/01075381965/chrome_profile
[2025-10-16 17:29:18] [INFO] [INFO] 창 포커스 및 최대화: ● debug.ipynb - band_project - Visual Studio Code
[2025-10-16 17:29:27] [INFO] [DELAY] click 단계: 1.15초 대기
[2025-10-16 17:31:44] [INFO] [DELAY] click 단계: 0.95초 대기
[2025-10-16 17:31:55] [WARNING] [WARN] XPATH 클릭 실패: //*[@id="content"]/section/div[2]/div/button
에러: Message: 
Stacktrace:
	GetHandleVerifier [0x0xe9fe83+66515]
	GetHandleVerifier [0x0xe9fec4+66580]
	(No symbol) [0x0xc8dc48]
	(No symbol) [0x0xcd8704]
	(No symbol) [0x0xcd8aab]
	(No symbol) [0x0xd1f482]
	(No symbol) [0x0xcfb214]
	(No symbol) [0x0xd1cba7]
	(No symbol) [0x0xcfafc6]
	(No symbol) [0x0xccc2ca]
	(No symbol) [0x0xccd154]
	GetHandleVerifier [0x0x10f73b3+2521347]
	GetHandleVerifier [0x0x10f2333+2500739]
	GetHandleVerifier [0x0xec7cd4+229924]
	GetHandleVerifier [0x0xeb8238+165768]
	GetHandleVerifier [0x0xebeced+193085]
	GetHandleVerifier [0x0xea8198+100072]
	GetHandleVerifier [0x0xea8330+100480]
	GetHandleVerifier [0x0xe925ea+11066]
	BaseThreadInitThunk [0x0x75f17ba9+25]
	RtlInitializeExceptionChain [0x0x77acc3ab+107]
	RtlClearBits [0x0x77acc32f+191]

[2025-10-16 17:31:56] [INFO] [INFO] 에러 스크린샷 저장: d:\coding\band_project\logs/screenshots\xpath_click_fail_20251016_173155.png
[2025-10-16 17:31:57] [INFO] [INFO] 마우스 자연 이동: (302, 337), duration: 1.18s
[2025-10-16 17:31:57] [INFO] [DELAY] thinking 단계: 4.21초 대기
[2025-10-16 17:32:02] [INFO] [DELAY] click 단계: 0.53초 대기
[2025-10-16 17:32:12] [WARNING] [WARN] 기본 클릭 실패(Message: 
Stacktrace:
	GetHandleVerifier [0x0xe9fe83+66515]
	GetHandleVerifier [0x0xe9fec4+66580]
	(No symbol) [0x0xc8dc48]
	(No symbol) [0x0xcd8704]
	(No symbol) [0x0xcd8aab]
	(No symbol) [0x0xd1f482]
	(No symbol) [0x0xcfb214]
	(No symbol) [0x0xd1cba7]
	(No symbol) [0x0xcfafc6]
	(No symbol) [0x0xccc2ca]
	(No symbol) [0x0xccd154]
	GetHandleVerifier [0x0x10f73b3+2521347]
	GetHandleVerifier [0x0x10f2333+2500739]
	GetHandleVerifier [0x0xec7cd4+229924]
	GetHandleVerifier [0x0xeb8238+165768]
	GetHandleVerifier [0x0xebeced+193085]
	GetHandleVerifier [0x0xea8198+100072]
	GetHandleVerifier [0x0xea8330+100480]
	GetHandleVerifier [0x0xe925ea+11066]
	BaseThreadInitThunk [0x0x75f17ba9+25]
	RtlInitializeExceptionChain [0x0x77acc3ab+107]
	RtlClearBits [0x0x77acc32f+191]
), 인간 패턴 클릭으로 전환 중...
[2025-10-16 17:32:12] [INFO] [DELAY] click 단계: 1.18초 대기
[2025-10-16 17:32:24] [INFO] [INFO] 에러 스크린샷 저장: d:\coding\band_project\logs/screenshots\write_button_fail_20251016_173224.png
[2025-10-16 17:32:24] [WARNING] [WARN] XPATH 클릭 미활성(표시x): //*[@id="content"]/section/div[2]/div/button
[2025-10-16 17:32:24] [WARNING] [WARN] XPATH 클릭 실패: //*[@id="content"]/section/div[2]/div/button
에러: Message: 글쓰기 버튼 활성화 실패

[2025-10-16 17:32:24] [ERROR] [ERROR] 보조 클릭도 실패(Message: 글쓰기 버튼 활성화 실패
)
[2025-10-16 17:32:24] [INFO] [INFO] 에러 스크린샷 저장: d:\coding\band_project\logs/screenshots\final_click_fail_20251016_173224.png
[2025-10-16 17:33:22] [INFO] [DELAY] click 단계: 1.29초 대기
[2025-10-16 17:33:34] [WARNING] [WARN] XPATH 클릭 실패: //*[@id="content"]/section/div[2]/div/button
에러: Message: 

[2025-10-16 17:33:34] [INFO] [INFO] 에러 스크린샷 저장: d:\coding\band_project\logs/screenshots\xpath_click_fail_20251016_173334.png
[2025-10-16 17:33:36] [INFO] [INFO] 마우스 자연 이동: (733, 415), duration: 1.37s
[2025-10-16 17:33:36] [INFO] [DELAY] thinking 단계: 3.17초 대기
[2025-10-16 17:33:39] [INFO] [DELAY] click 단계: 0.76초 대기
[2025-10-16 17:33:50] [WARNING] [WARN] 기본 클릭 실패(Message: 
), 인간 패턴 클릭으로 전환 중...
[2025-10-16 17:33:50] [INFO] [DELAY] click 단계: 1.19초 대기
[2025-10-16 17:33:51] [INFO] [DELAY] click 단계: 0.52초 대기
[2025-10-16 17:33:52] [INFO] [INFO] 글쓰기 버튼 강제 클릭 성공
[2025-10-16 17:33:52] [INFO] [DELAY] default 단계: 1.88초 대기
[2025-10-16 17:47:51] [INFO] [DELAY] click 단계: 1.25초 대기
[2025-10-16 17:48:03] [WARNING] [WARN] XPATH 클릭 실패: //*[@id="wrap"]/div[3]/div[2]/section/div/footer/button[2]
에러: Message: 
Stacktrace:
	GetHandleVerifier [0x0xe9fe83+66515]
	GetHandleVerifier [0x0xe9fec4+66580]
	(No symbol) [0x0xc8dc48]
	(No symbol) [0x0xcd8704]
	(No symbol) [0x0xcd8aab]
	(No symbol) [0x0xd1f482]
	(No symbol) [0x0xcfb214]
	(No symbol) [0x0xd1cba7]
	(No symbol) [0x0xcfafc6]
	(No symbol) [0x0xccc2ca]
	(No symbol) [0x0xccd154]
	GetHandleVerifier [0x0x10f73b3+2521347]
	GetHandleVerifier [0x0x10f2333+2500739]
	GetHandleVerifier [0x0xec7cd4+229924]
	GetHandleVerifier [0x0xeb8238+165768]
	GetHandleVerifier [0x0xebeced+193085]
	GetHandleVerifier [0x0xea8198+100072]
	GetHandleVerifier [0x0xea8330+100480]
	GetHandleVerifier [0x0xe925ea+11066]
	BaseThreadInitThunk [0x0x75f17ba9+25]
	RtlInitializeExceptionChain [0x0x77acc3ab+107]
	RtlClearBits [0x0x77acc32f+191]

[2025-10-16 17:51:08] [INFO] [DELAY] click 단계: 1.20초 대기
[2025-10-16 17:51:27] [INFO] [DELAY] click 단계: 1.15초 대기
[2025-10-16 17:51:56] [INFO] [DELAY] click 단계: 0.95초 대기
[2025-10-16 20:31:38] [INFO] profile_dir의 경로는 d:\coding\band_project\accounts/01075381965/chrome_profile
[2025-10-16 23:34:27] [INFO] [INFO] 창 포커스 및 최대화: ● debug.ipynb - band_project - Visual Studio Code
[2025-10-16 23:34:29] [INFO] [INFO] 마우스 자연 이동: (724, 543), duration: 1.47s
[2025-10-16 23:34:29] [INFO] [DELAY] click 단계: 0.54초 대기
[2025-10-16 23:34:30] [INFO] [DELAY] click 단계: 0.63초 대기
[2025-10-16 23:34:30] [INFO] [DELAY] thinking 단계: 4.20초 대기
[2025-10-16 23:34:35] [INFO] [DELAY] click 단계: 0.89초 대기
[2025-10-16 23:34:46] [WARNING] [WARN] XPATH 클릭 실패: //*[@id="content"]/section/div[2]/div/button
에러: Message: 

[2025-10-16 23:34:46] [INFO] [INFO] 에러 스크린샷 저장: d:\coding\band_project\logs/screenshots\xpath_click_fail_20251016_233446.png
[2025-10-16 23:34:48] [INFO] [INFO] 마우스 자연 이동: (721, 435), duration: 1.46s
[2025-10-16 23:34:48] [INFO] [DELAY] thinking 단계: 4.98초 대기
[2025-10-16 23:34:53] [INFO] [DELAY] click 단계: 1.12초 대기
[2025-10-16 23:35:12] [INFO] [INFO] 창 포커스 및 최대화: ● debug.ipynb - band_project - Visual Studio Code
[2025-10-16 23:35:13] [INFO] [INFO] 마우스 자연 이동: (385, 388), duration: 0.51s
[2025-10-16 23:35:13] [INFO] [DELAY] click 단계: 0.61초 대기
[2025-10-16 23:35:24] [WARNING] [WARN] XPATH 클릭 실패: //*[@id="content"]/section/div[2]/div/ul/li[2]/div/div/a/div[1]/div
에러: Message: 
Stacktrace:
	GetHandleVerifier [0x0xe9fe83+66515]
	GetHandleVerifier [0x0xe9fec4+66580]
	(No symbol) [0x0xc8dc48]
	(No symbol) [0x0xcd8704]
	(No symbol) [0x0xcd8aab]
	(No symbol) [0x0xd1f482]
	(No symbol) [0x0xcfb214]
	(No symbol) [0x0xd1cba7]
	(No symbol) [0x0xcfafc6]
	(No symbol) [0x0xccc2ca]
	(No symbol) [0x0xccd154]
	GetHandleVerifier [0x0x10f73b3+2521347]
	GetHandleVerifier [0x0x10f2333+2500739]
	GetHandleVerifier [0x0xec7cd4+229924]
	GetHandleVerifier [0x0xeb8238+165768]
	GetHandleVerifier [0x0xebeced+193085]
	GetHandleVerifier [0x0xea8198+100072]
	GetHandleVerifier [0x0xea8330+100480]
	GetHandleVerifier [0x0xe925ea+11066]
	BaseThreadInitThunk [0x0x75f17ba9+25]
	RtlInitializeExceptionChain [0x0x77acc3ab+107]
	RtlClearBits [0x0x77acc32f+191]

[2025-10-16 23:35:24] [INFO] [INFO] 에러 스크린샷 저장: d:\coding\band_project\logs/screenshots\xpath_click_fail_20251016_233524.png
[2025-10-16 23:35:26] [INFO] [INFO] 마우스 자연 이동: (374, 375), duration: 1.49s
[2025-10-16 23:35:26] [INFO] [DELAY] thinking 단계: 1.91초 대기
[2025-10-16 23:35:28] [INFO] [DELAY] click 단계: 0.81초 대기
[2025-10-16 23:35:44] [INFO] [INFO] 창 포커스 및 최대화: ● debug.ipynb - band_project - Visual Studio Code
[2025-10-16 23:35:46] [INFO] [INFO] 마우스 자연 이동: (832, 404), duration: 1.09s
[2025-10-16 23:35:46] [INFO] [DELAY] click 단계: 0.98초 대기
[2025-10-16 23:35:57] [WARNING] [WARN] XPATH 클릭 실패: //*[@id="content"]/section/div[2]/div/ul/li[10]/div/div/a/div[1]/div
에러: Message: 
Stacktrace:
	GetHandleVerifier [0x0xe9fe83+66515]
	GetHandleVerifier [0x0xe9fec4+66580]
	(No symbol) [0x0xc8dc48]
	(No symbol) [0x0xcd8704]
	(No symbol) [0x0xcd8aab]
	(No symbol) [0x0xd1f482]
	(No symbol) [0x0xcfb214]
	(No symbol) [0x0xd1cba7]
	(No symbol) [0x0xcfafc6]
	(No symbol) [0x0xccc2ca]
	(No symbol) [0x0xccd154]
	GetHandleVerifier [0x0x10f73b3+2521347]
	GetHandleVerifier [0x0x10f2333+2500739]
	GetHandleVerifier [0x0xec7cd4+229924]
	GetHandleVerifier [0x0xeb8238+165768]
	GetHandleVerifier [0x0xebeced+193085]
	GetHandleVerifier [0x0xea8198+100072]
	GetHandleVerifier [0x0xea8330+100480]
	GetHandleVerifier [0x0xe925ea+11066]
	BaseThreadInitThunk [0x0x75f17ba9+25]
	RtlInitializeExceptionChain [0x0x77acc3ab+107]
	RtlClearBits [0x0x77acc32f+191]

[2025-10-16 23:35:57] [INFO] [INFO] 에러 스크린샷 저장: d:\coding\band_project\logs/screenshots\xpath_click_fail_20251016_233557.png
[2025-10-16 23:35:59] [INFO] [INFO] 마우스 자연 이동: (336, 503), duration: 0.90s
[2025-10-16 23:35:59] [INFO] [DELAY] thinking 단계: 3.07초 대기
[2025-10-16 23:36:02] [INFO] [DELAY] click 단계: 0.90초 대기
[2025-10-16 23:36:15] [INFO] [DELAY] thinking 단계: 2.78초 대기
[2025-10-16 23:36:29] [INFO] [INFO] 창 포커스 및 최대화: ● debug.ipynb - band_project - Visual Studio Code
[2025-10-16 23:36:31] [INFO] [INFO] 마우스 자연 이동: (877, 325), duration: 1.41s
[2025-10-16 23:36:31] [INFO] [DELAY] click 단계: 0.72초 대기
[2025-10-16 23:36:32] [INFO] [DELAY] click 단계: 0.92초 대기
[2025-10-16 23:36:33] [INFO] [DELAY] thinking 단계: 3.09초 대기
[2025-10-16 23:36:36] [INFO] [DELAY] click 단계: 0.61초 대기
[2025-10-16 23:36:47] [WARNING] [WARN] XPATH 클릭 실패: //*[@id="content"]/section/div[2]/div/button
에러: Message: 

[2025-10-16 23:36:47] [INFO] [INFO] 에러 스크린샷 저장: d:\coding\band_project\logs/screenshots\xpath_click_fail_20251016_233647.png
[2025-10-16 23:36:49] [INFO] [INFO] 마우스 자연 이동: (895, 418), duration: 1.44s
[2025-10-16 23:36:49] [INFO] [DELAY] thinking 단계: 3.98초 대기
[2025-10-16 23:36:53] [INFO] [DELAY] click 단계: 0.77초 대기
[2025-10-16 23:37:15] [INFO] [INFO] 창 포커스 및 최대화: ● debug.ipynb - band_project - Visual Studio Code
[2025-10-16 23:37:17] [INFO] [INFO] 마우스 자연 이동: (735, 287), duration: 1.45s
[2025-10-16 23:37:17] [INFO] [DELAY] click 단계: 0.69초 대기
[2025-10-16 23:37:28] [WARNING] [WARN] XPATH 클릭 실패: //*[@id="content"]/section/div[2]/div/ul/li[8]/div/div/a/div[1]/div
에러: Message: 
Stacktrace:
	GetHandleVerifier [0x0xe9fe83+66515]
	GetHandleVerifier [0x0xe9fec4+66580]
	(No symbol) [0x0xc8dc48]
	(No symbol) [0x0xcd8704]
	(No symbol) [0x0xcd8aab]
	(No symbol) [0x0xd1f482]
	(No symbol) [0x0xcfb214]
	(No symbol) [0x0xd1cba7]
	(No symbol) [0x0xcfafc6]
	(No symbol) [0x0xccc2ca]
	(No symbol) [0x0xccd154]
	GetHandleVerifier [0x0x10f73b3+2521347]
	GetHandleVerifier [0x0x10f2333+2500739]
	GetHandleVerifier [0x0xec7cd4+229924]
	GetHandleVerifier [0x0xeb8238+165768]
	GetHandleVerifier [0x0xebeced+193085]
	GetHandleVerifier [0x0xea8198+100072]
	GetHandleVerifier [0x0xea8330+100480]
	GetHandleVerifier [0x0xe925ea+11066]
	BaseThreadInitThunk [0x0x75f17ba9+25]
	RtlInitializeExceptionChain [0x0x77acc3ab+107]
	RtlClearBits [0x0x77acc32f+191]

[2025-10-16 23:37:28] [INFO] [INFO] 에러 스크린샷 저장: d:\coding\band_project\logs/screenshots\xpath_click_fail_20251016_233728.png
[2025-10-16 23:37:29] [INFO] [INFO] 마우스 자연 이동: (306, 599), duration: 1.09s
[2025-10-16 23:37:29] [INFO] [DELAY] thinking 단계: 3.17초 대기
[2025-10-16 23:37:33] [INFO] [DELAY] click 단계: 0.66초 대기
[2025-10-16 23:37:54] [INFO] [INFO] 창 포커스 및 최대화: ● debug.ipynb - band_project - Visual Studio Code
[2025-10-16 23:37:54] [INFO] [INFO] 마우스 자연 이동: (649, 429), duration: 0.41s
[2025-10-16 23:37:54] [INFO] [DELAY] click 단계: 1.25초 대기
[2025-10-16 23:42:29] [INFO] [INFO] 창 포커스 및 최대화: ● debug.ipynb - band_project - Visual Studio Code
[2025-10-16 23:42:31] [INFO] [INFO] 마우스 자연 이동: (721, 312), duration: 0.85s
[2025-10-16 23:42:31] [INFO] [DELAY] click 단계: 0.66초 대기
[2025-10-16 23:42:32] [INFO] [DELAY] click 단계: 1.24초 대기
[2025-10-16 23:42:33] [INFO] [DELAY] thinking 단계: 4.41초 대기
[2025-10-16 23:42:38] [INFO] [DELAY] click 단계: 0.68초 대기
[2025-10-16 23:42:49] [WARNING] [WARN] XPATH 클릭 실패: //*[@id="content"]/section/div[2]/div/button
에러: Message: 

[2025-10-16 23:42:49] [INFO] [INFO] 에러 스크린샷 저장: d:\coding\band_project\logs/screenshots\xpath_click_fail_20251016_234249.png
[2025-10-16 23:42:50] [INFO] [INFO] 마우스 자연 이동: (464, 313), duration: 0.77s
[2025-10-16 23:42:50] [INFO] [DELAY] thinking 단계: 4.33초 대기
[2025-10-16 23:42:54] [INFO] [DELAY] click 단계: 0.74초 대기
[2025-10-16 23:43:15] [INFO] [INFO] 창 포커스 및 최대화: ● debug.ipynb - band_project - Visual Studio Code
[2025-10-16 23:43:16] [INFO] [INFO] 마우스 자연 이동: (802, 522), duration: 0.65s
[2025-10-16 23:43:16] [INFO] [DELAY] click 단계: 1.14초 대기
[2025-10-16 23:43:28] [WARNING] [WARN] XPATH 클릭 실패: //*[@id="content"]/section/div[2]/div/ul/li[3]/div/div/a/div[1]/div
에러: Message: 
Stacktrace:
	GetHandleVerifier [0x0xe9fe83+66515]
	GetHandleVerifier [0x0xe9fec4+66580]
	(No symbol) [0x0xc8dc48]
	(No symbol) [0x0xcd8704]
	(No symbol) [0x0xcd8aab]
	(No symbol) [0x0xd1f482]
	(No symbol) [0x0xcfb214]
	(No symbol) [0x0xd1cba7]
	(No symbol) [0x0xcfafc6]
	(No symbol) [0x0xccc2ca]
	(No symbol) [0x0xccd154]
	GetHandleVerifier [0x0x10f73b3+2521347]
	GetHandleVerifier [0x0x10f2333+2500739]
	GetHandleVerifier [0x0xec7cd4+229924]
	GetHandleVerifier [0x0xeb8238+165768]
	GetHandleVerifier [0x0xebeced+193085]
	GetHandleVerifier [0x0xea8198+100072]
	GetHandleVerifier [0x0xea8330+100480]
	GetHandleVerifier [0x0xe925ea+11066]
	BaseThreadInitThunk [0x0x75f17ba9+25]
	RtlInitializeExceptionChain [0x0x77acc3ab+107]
	RtlClearBits [0x0x77acc32f+191]

[2025-10-16 23:43:28] [INFO] [INFO] 에러 스크린샷 저장: d:\coding\band_project\logs/screenshots\xpath_click_fail_20251016_234328.png
[2025-10-16 23:43:28] [INFO] [INFO] 마우스 자연 이동: (810, 232), duration: 0.42s
[2025-10-16 23:43:28] [INFO] [DELAY] thinking 단계: 3.01초 대기
[2025-10-16 23:43:31] [INFO] [DELAY] click 단계: 0.84초 대기
[2025-10-16 23:43:49] [INFO] [INFO] 창 포커스 및 최대화: ● debug.ipynb - band_project - Visual Studio Code
[2025-10-16 23:43:51] [INFO] [INFO] 마우스 자연 이동: (757, 228), duration: 1.14s
[2025-10-16 23:43:51] [INFO] [DELAY] click 단계: 1.27초 대기
[2025-10-16 23:46:17] [INFO] [INFO] 창 포커스 및 최대화: ● debug.ipynb - band_project - Visual Studio Code
[2025-10-16 23:47:45] [INFO] [INFO] 마우스 자연 이동: (319, 308), duration: 0.90s
[2025-10-16 23:47:45] [INFO] [DELAY] click 단계: 0.92초 대기
[2025-10-16 23:47:47] [INFO] [DELAY] click 단계: 0.60초 대기
[2025-10-16 23:48:16] [INFO] [DELAY] thinking 단계: 1.57초 대기
[2025-10-16 23:48:17] [INFO] [DELAY] click 단계: 0.72초 대기
[2025-10-16 23:48:28] [WARNING] [WARN] XPATH 클릭 실패: //*[@id="content"]/section/div[2]/div/button
에러: Message: 

[2025-10-16 23:48:28] [INFO] [INFO] 에러 스크린샷 저장: d:\coding\band_project\logs/screenshots\xpath_click_fail_20251016_234828.png
[2025-10-16 23:48:30] [INFO] [INFO] 마우스 자연 이동: (510, 458), duration: 1.01s
[2025-10-16 23:48:30] [INFO] [DELAY] thinking 단계: 3.14초 대기
[2025-10-16 23:48:33] [INFO] [DELAY] click 단계: 0.98초 대기
[2025-10-16 23:48:44] [WARNING] [WARN] 기본 클릭 실패(Message: 
), 인간 패턴 클릭으로 전환 중...
[2025-10-16 23:48:44] [INFO] [DELAY] click 단계: 0.65초 대기
[2025-10-16 23:48:45] [INFO] [DELAY] click 단계: 0.64초 대기
[2025-10-16 23:48:46] [INFO] [INFO] 글쓰기 버튼 강제 클릭 성공
[2025-10-16 23:48:46] [INFO] [DELAY] default 단계: 1.07초 대기
[2025-10-16 23:50:29] [INFO] [DELAY] thinking 단계: 2.44초 대기
[2025-10-16 23:50:31] [INFO] [DELAY] click 단계: 0.85초 대기
[2025-10-16 23:50:32] [INFO] [DELAY] click 단계: 1.05초 대기
[2025-10-16 23:50:33] [INFO] [INFO] 글쓰기 버튼 강제 클릭 성공
[2025-10-16 23:50:33] [INFO] [DELAY] default 단계: 1.06초 대기
[2025-10-16 23:58:14] [INFO] [INFO] 창 포커스 및 최대화: ● debug.ipynb - band_project - Visual Studio Code
[2025-10-16 23:58:16] [INFO] [INFO] 마우스 자연 이동: (650, 454), duration: 1.36s
[2025-10-16 23:58:16] [INFO] [DELAY] click 단계: 1.29초 대기
[2025-10-16 23:58:18] [INFO] [DELAY] click 단계: 1.26초 대기
[2025-10-16 23:58:19] [INFO] [DELAY] thinking 단계: 3.92초 대기
[2025-10-16 23:58:23] [INFO] [DELAY] click 단계: 0.76초 대기
[2025-10-16 23:58:34] [WARNING] [WARN] XPATH 클릭 실패: //*[@id="content"]/section/div[2]/div/button
에러: Message: 

[2025-10-16 23:58:34] [INFO] [INFO] 에러 스크린샷 저장: d:\coding\band_project\logs/screenshots\xpath_click_fail_20251016_235834.png
[2025-10-16 23:58:35] [INFO] [INFO] 마우스 자연 이동: (368, 347), duration: 0.45s
[2025-10-16 23:58:35] [INFO] [DELAY] thinking 단계: 3.04초 대기
[2025-10-16 23:58:38] [INFO] [DELAY] click 단계: 1.11초 대기
[2025-10-16 23:58:49] [WARNING] [WARN] 기본 클릭 실패(Message: 
), 인간 패턴 클릭으로 전환 중...
[2025-10-16 23:58:49] [INFO] [DELAY] click 단계: 1.22초 대기
[2025-10-16 23:58:51] [INFO] [DELAY] click 단계: 0.65초 대기
[2025-10-16 23:58:52] [INFO] [INFO] 글쓰기 버튼 강제 클릭 성공
[2025-10-16 23:58:52] [INFO] [DELAY] default 단계: 2.40초 대기
[2025-10-17 00:00:54] [INFO] [DELAY] typing 단계: 3.42초 대기
[2025-10-17 00:00:57] [INFO] [DELAY] upload 단계: 3.24초 대기
[2025-10-17 00:01:02] [INFO] [INFO] 마우스 자연 이동: (433, 474), duration: 1.02s
[2025-10-17 00:01:02] [INFO] [DELAY] click 단계: 1.08초 대기
[2025-10-17 00:01:04] [INFO] [DELAY] click 단계: 0.72초 대기
[2025-10-17 00:01:04] [INFO] [DELAY] click 단계: 1.25초 대기
[2025-10-17 00:01:06] [INFO] [DELAY] thinking 단계: 3.49초 대기
[2025-10-17 00:01:10] [INFO] [DELAY] scroll 단계: 0.53초 대기
[2025-10-17 00:01:10] [INFO] [DELAY] click 단계: 1.25초 대기
[2025-10-17 00:01:12] [INFO] [DELAY] scroll 단계: 0.60초 대기
[2025-10-17 00:10:12] [INFO] 선택한 전화번호는 01075381965
[2025-10-17 00:10:12] [INFO] profile_dir의 경로는 d:\coding\band_project\accounts/01075381965/chrome_profile
[2025-10-17 00:10:12] [INFO] 크롬 프로필 기본 저장 위치 : d:\coding\band_project\accounts/01075381965/chrome_profile\Default\Preferences
[2025-10-17 00:10:20] [INFO] [INFO] 복원 팝업 ESC 키 전송으로 닫음
[2025-10-17 00:10:27] [INFO] [INFO] 전화번호 입력 성공
[2025-10-17 00:10:29] [INFO] [INFO] 비밀번호 입력 성공
[2025-10-17 00:10:47] [INFO] 선택한 전화번호는 01075381965
[2025-10-17 00:10:47] [INFO] profile_dir의 경로는 d:\coding\band_project\accounts/01075381965/chrome_profile
[2025-10-17 00:10:47] [INFO] 크롬 프로필 기본 저장 위치 : d:\coding\band_project\accounts/01075381965/chrome_profile\Default\Preferences
[2025-10-17 00:10:51] [INFO] [INFO] 복원 팝업 ESC 키 전송으로 닫음
[2025-10-17 00:10:57] [INFO] [INFO] 전화번호 입력 성공
[2025-10-17 00:10:59] [INFO] [INFO] 비밀번호 입력 성공
[2025-10-17 00:11:38] [INFO] profile_dir의 경로는 d:\coding\band_project\accounts/01075381965/chrome_profile
[2025-10-17 00:20:20] [INFO] 선택한 전화번호는 01075381965
[2025-10-17 00:20:20] [INFO] profile_dir의 경로는 d:\coding\band_project\accounts/01075381965/chrome_profile
[2025-10-17 00:20:20] [INFO] 크롬 프로필 기본 저장 위치 : d:\coding\band_project\accounts/01075381965/chrome_profile\Default\Preferences
[2025-10-17 00:21:26] [INFO] 선택한 전화번호는 01075381965
[2025-10-17 00:21:26] [INFO] profile_dir의 경로는 d:\coding\band_project\accounts/01075381965/chrome_profile
[2025-10-17 00:21:26] [INFO] 크롬 프로필 기본 저장 위치 : d:\coding\band_project\accounts/01075381965/chrome_profile\Default\Preferences
[2025-10-17 00:21:30] [INFO] [INFO] 복원 팝업 ESC 키 전송으로 닫음
[2025-10-17 00:21:36] [INFO] [INFO] 전화번호 입력 성공
[2025-10-17 00:21:38] [INFO] [INFO] 비밀번호 입력 성공
[2025-10-17 00:32:50] [INFO] 선택한 전화번호는 01075381965
[2025-10-17 00:32:50] [INFO] profile_dir의 경로는 d:\coding\band_project\accounts/01075381965/chrome_profile
[2025-10-17 00:32:50] [INFO] 크롬 프로필 기본 저장 위치 : d:\coding\band_project\accounts/01075381965/chrome_profile\Default\Preferences
[2025-10-17 00:32:54] [INFO] [INFO] 복원 팝업 ESC 키 전송으로 닫음
[2025-10-17 00:33:00] [INFO] [INFO] 전화번호 입력 성공
[2025-10-17 00:33:04] [INFO] [INFO] 비밀번호 입력 성공
[2025-10-17 00:33:22] [INFO] [INFO] 창 포커스 및 최대화: main.py - band_project - Visual Studio Code
[2025-10-17 00:33:23] [INFO] [INFO] 마우스 자연 이동: (850, 596), duration: 0.99s
[2025-10-17 00:33:23] [INFO] [DELAY] click 단계: 1.21초 대기
[2025-10-17 00:33:25] [INFO] [DELAY] click 단계: 0.66초 대기
[2025-10-17 00:33:26] [INFO] [DELAY] thinking 단계: 3.19초 대기
[2025-10-17 00:33:29] [INFO] [DELAY] click 단계: 1.20초 대기
[2025-10-17 00:33:40] [WARNING] [WARN] XPATH 클릭 실패: //*[@id="content"]/section/div[2]/div/button
에러: Message: 

[2025-10-17 00:33:41] [INFO] [INFO] 에러 스크린샷 저장: d:\coding\band_project\logs/screenshots\xpath_click_fail_20251017_003340.png
[2025-10-17 00:33:41] [INFO] [INFO] 마우스 자연 이동: (880, 520), duration: 0.54s
[2025-10-17 00:33:41] [INFO] [DELAY] thinking 단계: 4.96초 대기
[2025-10-17 00:33:46] [INFO] [DELAY] click 단계: 1.07초 대기
[2025-10-17 00:33:57] [WARNING] [WARN] 기본 클릭 실패(Message: 
), 인간 패턴 클릭으로 전환 중...
[2025-10-17 00:33:57] [INFO] [DELAY] click 단계: 0.70초 대기
[2025-10-17 00:33:59] [INFO] [DELAY] click 단계: 0.79초 대기
[2025-10-17 00:33:59] [INFO] [INFO] 글쓰기 버튼 강제 클릭 성공
[2025-10-17 00:33:59] [INFO] [DELAY] default 단계: 2.21초 대기
[2025-10-17 00:34:02] [INFO] [DELAY] click 단계: 1.13초 대기
[2025-10-17 00:36:01] [INFO] [INFO] 본문 자동 입력 성공 (현실적 패턴)
[2025-10-17 00:36:01] [INFO] [DELAY] typing 단계: 3.31초 대기
[2025-10-17 00:36:05] [INFO] [INFO] 마우스 자연 이동: (376, 263), duration: 0.45s
[2025-10-17 00:36:05] [INFO] [DELAY] upload 단계: 4.19초 대기
[2025-10-17 00:36:09] [INFO] [INFO] 파일 첨부 성공: d:\coding\band_project\resources/images\mozip1.gif
[2025-10-17 00:36:09] [INFO] [DELAY] upload 단계: 4.21초 대기
[2025-10-17 00:36:15] [INFO] [INFO] 마우스 자연 이동: (371, 328), duration: 1.06s
[2025-10-17 00:36:15] [INFO] [DELAY] click 단계: 1.30초 대기
[2025-10-17 00:36:17] [INFO] [DELAY] click 단계: 0.61초 대기
[2025-10-17 00:36:18] [INFO] [DELAY] click 단계: 1.15초 대기
[2025-10-17 00:36:20] [INFO] [DELAY] thinking 단계: 1.87초 대기
[2025-10-17 00:36:21] [INFO] [DELAY] scroll 단계: 0.41초 대기
[2025-10-17 00:36:22] [INFO] [DELAY] click 단계: 0.52초 대기
[2025-10-17 00:36:23] [INFO] [DELAY] scroll 단계: 0.43초 대기
[2025-10-17 00:36:23] [INFO] 1번째 밴드 작업 완료, 남은 밴드: 8, 9초 대기 중
[2025-10-17 00:36:32] [INFO] [INFO] 창 포커스 및 최대화: main.py - band_project - Visual Studio Code
[2025-10-17 00:36:34] [INFO] [INFO] 마우스 자연 이동: (671, 293), duration: 1.26s
[2025-10-17 00:36:34] [INFO] [DELAY] click 단계: 1.29초 대기
[2025-10-17 00:36:36] [INFO] [DELAY] click 단계: 0.79초 대기
[2025-10-17 00:36:36] [INFO] [DELAY] thinking 단계: 4.07초 대기
[2025-10-17 00:36:41] [INFO] [DELAY] click 단계: 1.23초 대기
[2025-10-17 00:36:52] [WARNING] [WARN] XPATH 클릭 실패: //*[@id="content"]/section/div[2]/div/button
에러: Message: 

[2025-10-17 00:36:52] [INFO] [INFO] 에러 스크린샷 저장: d:\coding\band_project\logs/screenshots\xpath_click_fail_20251017_003652.png
[2025-10-17 00:36:54] [INFO] [INFO] 마우스 자연 이동: (364, 542), duration: 1.35s
[2025-10-17 00:36:54] [INFO] [DELAY] thinking 단계: 2.28초 대기
[2025-10-17 00:36:56] [INFO] [DELAY] click 단계: 1.05초 대기
[2025-10-17 00:37:07] [WARNING] [WARN] 기본 클릭 실패(Message: 
), 인간 패턴 클릭으로 전환 중...
[2025-10-17 00:37:07] [INFO] [DELAY] click 단계: 1.29초 대기
[2025-10-17 00:37:09] [INFO] [DELAY] click 단계: 0.65초 대기
[2025-10-17 00:37:10] [INFO] [INFO] 글쓰기 버튼 강제 클릭 성공
[2025-10-17 00:37:10] [INFO] [DELAY] default 단계: 2.08초 대기
[2025-10-17 00:37:12] [INFO] [DELAY] click 단계: 0.76초 대기
[2025-10-17 00:39:13] [INFO] [INFO] 본문 자동 입력 성공 (현실적 패턴)
[2025-10-17 00:39:13] [INFO] [DELAY] typing 단계: 2.83초 대기
[2025-10-17 00:39:18] [INFO] [INFO] 마우스 자연 이동: (863, 379), duration: 1.04s
[2025-10-17 00:39:18] [INFO] [DELAY] upload 단계: 2.08초 대기
[2025-10-17 00:39:20] [INFO] [INFO] 파일 첨부 성공: d:\coding\band_project\resources/images\mozip1.gif
[2025-10-17 00:39:20] [INFO] [DELAY] upload 단계: 4.31초 대기
[2025-10-17 00:39:25] [INFO] [INFO] 마우스 자연 이동: (599, 338), duration: 0.83s
[2025-10-17 00:39:25] [INFO] [DELAY] click 단계: 1.27초 대기
[2025-10-17 00:39:27] [INFO] [DELAY] click 단계: 1.05초 대기
[2025-10-17 00:39:28] [INFO] [DELAY] click 단계: 0.96초 대기
[2025-10-17 00:39:30] [INFO] [DELAY] thinking 단계: 3.43초 대기
[2025-10-17 00:39:33] [INFO] [DELAY] scroll 단계: 0.66초 대기
[2025-10-17 00:39:34] [INFO] [DELAY] click 단계: 0.53초 대기
[2025-10-17 00:39:35] [INFO] [DELAY] scroll 단계: 0.80초 대기
[2025-10-17 00:39:36] [INFO] 2번째 밴드 작업 완료, 남은 밴드: 7, 15초 대기 중
[2025-10-17 00:39:51] [INFO] [INFO] 창 포커스 및 최대화: main.py - band_project - Visual Studio Code
[2025-10-17 00:39:52] [INFO] [INFO] 마우스 자연 이동: (517, 273), duration: 0.70s
[2025-10-17 00:39:52] [INFO] [DELAY] click 단계: 0.56초 대기
[2025-10-17 00:39:53] [INFO] [DELAY] click 단계: 1.12초 대기
[2025-10-17 00:39:55] [INFO] [DELAY] thinking 단계: 3.81초 대기
[2025-10-17 00:39:58] [INFO] [DELAY] click 단계: 1.14초 대기
[2025-10-17 00:40:10] [WARNING] [WARN] XPATH 클릭 실패: //*[@id="content"]/section/div[2]/div/button
에러: Message: 

[2025-10-17 00:40:10] [INFO] [INFO] 에러 스크린샷 저장: d:\coding\band_project\logs/screenshots\xpath_click_fail_20251017_004010.png
[2025-10-17 00:40:11] [INFO] [INFO] 마우스 자연 이동: (329, 219), duration: 1.18s
[2025-10-17 00:40:11] [INFO] [DELAY] thinking 단계: 2.50초 대기
[2025-10-17 00:40:14] [INFO] [DELAY] click 단계: 1.13초 대기
[2025-10-17 00:40:25] [WARNING] [WARN] 기본 클릭 실패(Message: 
), 인간 패턴 클릭으로 전환 중...
[2025-10-17 00:40:25] [INFO] [DELAY] click 단계: 0.84초 대기
[2025-10-17 00:40:26] [INFO] [DELAY] click 단계: 1.20초 대기
[2025-10-17 00:40:28] [INFO] [INFO] 글쓰기 버튼 강제 클릭 성공
[2025-10-17 00:40:28] [INFO] [DELAY] default 단계: 1.48초 대기
[2025-10-17 00:40:29] [INFO] [DELAY] click 단계: 0.62초 대기
[2025-10-17 00:42:27] [INFO] [INFO] 본문 자동 입력 성공 (현실적 패턴)
[2025-10-17 00:42:27] [INFO] [DELAY] typing 단계: 1.58초 대기
[2025-10-17 00:42:30] [INFO] [INFO] 마우스 자연 이동: (837, 270), duration: 0.78s
[2025-10-17 00:42:30] [INFO] [DELAY] upload 단계: 2.58초 대기
[2025-10-17 00:42:33] [INFO] [INFO] 파일 첨부 성공: d:\coding\band_project\resources/images\mozip.gif
[2025-10-17 00:42:33] [INFO] [DELAY] upload 단계: 2.71초 대기
[2025-10-17 00:42:36] [INFO] [INFO] 마우스 자연 이동: (616, 442), duration: 0.55s
[2025-10-17 00:42:36] [INFO] [DELAY] click 단계: 1.28초 대기
[2025-10-17 00:42:38] [INFO] [DELAY] click 단계: 1.15초 대기
[2025-10-17 00:42:39] [INFO] [DELAY] click 단계: 1.27초 대기
[2025-10-17 00:42:41] [INFO] [DELAY] thinking 단계: 4.25초 대기
[2025-10-17 00:42:45] [INFO] [DELAY] scroll 단계: 0.37초 대기
[2025-10-17 00:42:46] [INFO] [DELAY] click 단계: 1.16초 대기
[2025-10-17 00:42:47] [INFO] [DELAY] scroll 단계: 0.53초 대기
[2025-10-17 00:42:48] [INFO] 3번째 밴드 작업 완료, 남은 밴드: 6, 11초 대기 중
[2025-10-17 00:42:59] [INFO] [INFO] 창 포커스 및 최대화: main.py - band_project - Visual Studio Code
[2025-10-17 00:43:00] [INFO] [INFO] 마우스 자연 이동: (718, 545), duration: 1.20s
[2025-10-17 00:43:00] [INFO] [DELAY] click 단계: 0.67초 대기
[2025-10-17 00:43:02] [INFO] [DELAY] click 단계: 0.82초 대기
[2025-10-17 00:43:02] [INFO] [DELAY] thinking 단계: 4.51초 대기
[2025-10-17 00:43:07] [INFO] [DELAY] click 단계: 1.07초 대기
[2025-10-17 00:43:18] [WARNING] [WARN] XPATH 클릭 실패: //*[@id="content"]/section/div[2]/div/button
에러: Message: 

[2025-10-17 00:43:18] [INFO] [INFO] 에러 스크린샷 저장: d:\coding\band_project\logs/screenshots\xpath_click_fail_20251017_004318.png
[2025-10-17 00:43:20] [INFO] [INFO] 마우스 자연 이동: (846, 396), duration: 0.90s
[2025-10-17 00:43:20] [INFO] [DELAY] thinking 단계: 3.89초 대기
[2025-10-17 00:43:23] [INFO] [DELAY] click 단계: 0.55초 대기
[2025-10-17 00:43:34] [WARNING] [WARN] 기본 클릭 실패(Message: 
), 인간 패턴 클릭으로 전환 중...
[2025-10-17 00:43:34] [INFO] [DELAY] click 단계: 0.55초 대기
[2025-10-17 00:43:35] [INFO] [DELAY] click 단계: 1.06초 대기
[2025-10-17 00:43:36] [INFO] [INFO] 글쓰기 버튼 강제 클릭 성공
[2025-10-17 00:43:36] [INFO] [DELAY] default 단계: 1.42초 대기
[2025-10-17 00:43:38] [INFO] [DELAY] click 단계: 1.24초 대기
[2025-10-17 00:45:35] [INFO] [INFO] 본문 자동 입력 성공 (현실적 패턴)
[2025-10-17 00:45:35] [INFO] [DELAY] typing 단계: 1.80초 대기
[2025-10-17 00:45:38] [INFO] [INFO] 마우스 자연 이동: (567, 244), duration: 1.12s
[2025-10-17 00:45:38] [INFO] [DELAY] upload 단계: 3.80초 대기
[2025-10-17 00:45:42] [INFO] [INFO] 파일 첨부 성공: d:\coding\band_project\resources/images\mozip1.gif
[2025-10-17 00:45:42] [INFO] [DELAY] upload 단계: 3.00초 대기
[2025-10-17 00:45:46] [INFO] [INFO] 마우스 자연 이동: (854, 335), duration: 0.43s
[2025-10-17 00:45:46] [INFO] [DELAY] click 단계: 0.83초 대기
[2025-10-17 00:45:48] [INFO] [DELAY] click 단계: 0.74초 대기
[2025-10-17 00:45:48] [INFO] [DELAY] click 단계: 0.80초 대기
[2025-10-17 00:45:50] [INFO] [DELAY] thinking 단계: 2.89초 대기
[2025-10-17 00:45:53] [INFO] [DELAY] scroll 단계: 0.74초 대기
[2025-10-17 00:45:53] [INFO] [DELAY] click 단계: 1.01초 대기
[2025-10-17 00:45:55] [INFO] [DELAY] scroll 단계: 0.87초 대기
[2025-10-17 00:45:56] [INFO] 4번째 밴드 작업 완료, 남은 밴드: 5, 7초 대기 중
[2025-10-17 00:46:03] [INFO] [INFO] 창 포커스 및 최대화: main.py - band_project - Visual Studio Code
[2025-10-17 00:46:04] [INFO] [INFO] 마우스 자연 이동: (483, 258), duration: 0.52s
[2025-10-17 00:46:04] [INFO] [DELAY] click 단계: 0.59초 대기
[2025-10-17 00:46:05] [INFO] [DELAY] click 단계: 0.85초 대기
[2025-10-17 00:46:06] [INFO] [DELAY] thinking 단계: 1.80초 대기
[2025-10-17 00:46:07] [INFO] [DELAY] click 단계: 0.65초 대기
[2025-10-17 00:46:18] [WARNING] [WARN] XPATH 클릭 실패: //*[@id="content"]/section/div[2]/div/button
에러: Message: 

[2025-10-17 00:46:18] [INFO] [INFO] 에러 스크린샷 저장: d:\coding\band_project\logs/screenshots\xpath_click_fail_20251017_004618.png
[2025-10-17 00:46:20] [INFO] [INFO] 마우스 자연 이동: (398, 539), duration: 1.11s
[2025-10-17 00:46:20] [INFO] [DELAY] thinking 단계: 1.56초 대기
[2025-10-17 00:46:21] [INFO] [DELAY] click 단계: 1.11초 대기
[2025-10-17 00:46:33] [WARNING] [WARN] 기본 클릭 실패(Message: 
), 인간 패턴 클릭으로 전환 중...
[2025-10-17 00:46:33] [INFO] [DELAY] click 단계: 0.66초 대기
[2025-10-17 00:46:34] [INFO] [DELAY] click 단계: 0.91초 대기
[2025-10-17 00:46:35] [INFO] [INFO] 글쓰기 버튼 강제 클릭 성공
[2025-10-17 00:46:35] [INFO] [DELAY] default 단계: 2.15초 대기
[2025-10-17 00:46:37] [INFO] [DELAY] click 단계: 0.55초 대기
[2025-10-17 00:48:37] [INFO] [INFO] 본문 자동 입력 성공 (현실적 패턴)
[2025-10-17 00:48:37] [INFO] [DELAY] typing 단계: 2.20초 대기
[2025-10-17 00:48:40] [INFO] [INFO] 마우스 자연 이동: (643, 217), duration: 0.68s
[2025-10-17 00:48:40] [INFO] [DELAY] upload 단계: 3.25초 대기
[2025-10-17 00:48:44] [INFO] [INFO] 파일 첨부 성공: d:\coding\band_project\resources/images\mozip1.gif
[2025-10-17 00:48:44] [INFO] [DELAY] upload 단계: 3.51초 대기
[2025-10-17 00:48:49] [INFO] [INFO] 마우스 자연 이동: (465, 545), duration: 1.31s
[2025-10-17 00:48:49] [INFO] [DELAY] click 단계: 0.62초 대기
[2025-10-17 00:48:50] [INFO] [DELAY] click 단계: 0.51초 대기
[2025-10-17 00:48:50] [INFO] [DELAY] click 단계: 0.74초 대기
[2025-10-17 00:48:52] [INFO] [DELAY] thinking 단계: 4.64초 대기
[2025-10-17 00:48:56] [INFO] [DELAY] scroll 단계: 0.55초 대기
[2025-10-17 00:48:57] [INFO] [DELAY] click 단계: 0.77초 대기
[2025-10-17 00:48:58] [INFO] [DELAY] scroll 단계: 0.98초 대기
[2025-10-17 00:48:59] [INFO] 5번째 밴드 작업 완료, 남은 밴드: 4, 6초 대기 중
[2025-10-17 00:49:05] [INFO] [INFO] 창 포커스 및 최대화: main.py - band_project - Visual Studio Code
[2025-10-17 00:49:06] [INFO] [INFO] 마우스 자연 이동: (831, 400), duration: 0.83s
[2025-10-17 00:49:06] [INFO] [DELAY] click 단계: 0.90초 대기
[2025-10-17 00:49:08] [INFO] [DELAY] click 단계: 0.80초 대기
[2025-10-17 00:49:08] [INFO] [DELAY] thinking 단계: 1.65초 대기
[2025-10-17 00:49:10] [INFO] [DELAY] click 단계: 0.97초 대기
[2025-10-17 00:49:21] [WARNING] [WARN] XPATH 클릭 실패: //*[@id="content"]/section/div[2]/div/button
에러: Message: 

[2025-10-17 00:49:21] [INFO] [INFO] 에러 스크린샷 저장: d:\coding\band_project\logs/screenshots\xpath_click_fail_20251017_004921.png
[2025-10-17 00:49:22] [INFO] [INFO] 마우스 자연 이동: (550, 451), duration: 0.79s
[2025-10-17 00:49:22] [INFO] [DELAY] thinking 단계: 1.75초 대기
[2025-10-17 00:49:24] [INFO] [DELAY] click 단계: 0.80초 대기
[2025-10-17 00:49:35] [WARNING] [WARN] 기본 클릭 실패(Message: 
), 인간 패턴 클릭으로 전환 중...
[2025-10-17 00:49:35] [INFO] [DELAY] click 단계: 1.13초 대기
[2025-10-17 00:49:37] [INFO] [DELAY] click 단계: 1.15초 대기
[2025-10-17 00:49:38] [INFO] [INFO] 글쓰기 버튼 강제 클릭 성공
[2025-10-17 00:49:38] [INFO] [DELAY] default 단계: 1.43초 대기
[2025-10-17 00:49:39] [INFO] [DELAY] click 단계: 1.25초 대기
[2025-10-17 00:51:40] [INFO] [INFO] 본문 자동 입력 성공 (현실적 패턴)
[2025-10-17 00:51:40] [INFO] [DELAY] typing 단계: 3.00초 대기
[2025-10-17 00:51:44] [INFO] [INFO] 마우스 자연 이동: (416, 584), duration: 0.84s
[2025-10-17 00:51:44] [INFO] [DELAY] upload 단계: 3.96초 대기
[2025-10-17 00:51:48] [INFO] [INFO] 파일 첨부 성공: d:\coding\band_project\resources/images\mozip.gif
[2025-10-17 00:51:48] [INFO] [DELAY] upload 단계: 4.08초 대기
[2025-10-17 00:51:54] [INFO] [INFO] 마우스 자연 이동: (776, 496), duration: 0.80s
[2025-10-17 00:51:54] [INFO] [DELAY] click 단계: 0.54초 대기
[2025-10-17 00:51:55] [INFO] [DELAY] click 단계: 0.91초 대기
[2025-10-17 00:51:56] [INFO] [DELAY] click 단계: 0.52초 대기
[2025-10-17 00:51:57] [INFO] [DELAY] thinking 단계: 2.52초 대기
[2025-10-17 00:52:00] [INFO] [DELAY] scroll 단계: 0.96초 대기
[2025-10-17 00:52:01] [INFO] [DELAY] click 단계: 0.87초 대기
[2025-10-17 00:52:02] [INFO] [DELAY] scroll 단계: 0.31초 대기
[2025-10-17 00:52:02] [INFO] 6번째 밴드 작업 완료, 남은 밴드: 3, 14초 대기 중
[2025-10-17 00:52:16] [INFO] [INFO] 창 포커스 및 최대화: main.py - band_project - Visual Studio Code
[2025-10-17 00:52:18] [INFO] [INFO] 마우스 자연 이동: (432, 276), duration: 0.78s
[2025-10-17 00:52:18] [INFO] [DELAY] click 단계: 1.01초 대기
[2025-10-17 00:52:19] [INFO] [DELAY] click 단계: 1.13초 대기
[2025-10-17 00:52:20] [INFO] [DELAY] thinking 단계: 4.05초 대기
[2025-10-17 00:52:25] [INFO] [DELAY] click 단계: 1.18초 대기
[2025-10-17 00:52:36] [WARNING] [WARN] XPATH 클릭 실패: //*[@id="content"]/section/div[2]/div/button
에러: Message: 

[2025-10-17 00:52:36] [INFO] [INFO] 에러 스크린샷 저장: d:\coding\band_project\logs/screenshots\xpath_click_fail_20251017_005236.png
[2025-10-17 00:52:38] [INFO] [INFO] 마우스 자연 이동: (780, 260), duration: 1.35s
[2025-10-17 00:52:38] [INFO] [DELAY] thinking 단계: 1.60초 대기
[2025-10-17 00:52:39] [INFO] [DELAY] click 단계: 0.75초 대기
[2025-10-17 00:52:50] [WARNING] [WARN] 기본 클릭 실패(Message: 
), 인간 패턴 클릭으로 전환 중...
[2025-10-17 00:52:50] [INFO] [DELAY] click 단계: 1.19초 대기
[2025-10-17 00:52:52] [INFO] [DELAY] click 단계: 0.73초 대기
[2025-10-17 00:52:53] [INFO] [INFO] 글쓰기 버튼 강제 클릭 성공
[2025-10-17 00:52:53] [INFO] [DELAY] default 단계: 1.84초 대기
[2025-10-17 00:52:55] [INFO] [DELAY] click 단계: 0.72초 대기
[2025-10-17 00:54:57] [INFO] [INFO] 본문 자동 입력 성공 (현실적 패턴)
[2025-10-17 00:54:57] [INFO] [DELAY] typing 단계: 2.74초 대기
[2025-10-17 00:55:00] [INFO] [INFO] 마우스 자연 이동: (631, 330), duration: 0.57s
[2025-10-17 00:55:00] [INFO] [DELAY] upload 단계: 2.19초 대기
[2025-10-17 00:55:03] [INFO] [INFO] 파일 첨부 성공: d:\coding\band_project\resources/images\mozip.gif
[2025-10-17 00:55:03] [INFO] [DELAY] upload 단계: 2.99초 대기
[2025-10-17 00:55:07] [INFO] [INFO] 마우스 자연 이동: (834, 473), duration: 0.81s
[2025-10-17 00:55:07] [INFO] [DELAY] click 단계: 1.16초 대기
[2025-10-17 00:55:09] [INFO] [DELAY] click 단계: 0.96초 대기
[2025-10-17 00:55:10] [INFO] [DELAY] click 단계: 0.77초 대기
[2025-10-17 00:55:11] [INFO] [DELAY] thinking 단계: 4.14초 대기
[2025-10-17 00:55:15] [INFO] [DELAY] scroll 단계: 0.44초 대기
[2025-10-17 00:55:15] [INFO] [DELAY] click 단계: 0.86초 대기
[2025-10-17 00:55:17] [INFO] [DELAY] scroll 단계: 0.74초 대기
[2025-10-17 00:55:17] [INFO] 7번째 밴드 작업 완료, 남은 밴드: 2, 15초 대기 중
[2025-10-17 00:55:32] [INFO] [INFO] 창 포커스 및 최대화: main.py - band_project - Visual Studio Code
[2025-10-17 00:55:34] [INFO] [INFO] 마우스 자연 이동: (672, 243), duration: 1.19s
[2025-10-17 00:55:34] [INFO] [DELAY] click 단계: 0.50초 대기
[2025-10-17 00:55:35] [INFO] [DELAY] click 단계: 1.26초 대기
[2025-10-17 00:55:37] [INFO] [DELAY] thinking 단계: 2.07초 대기
[2025-10-17 00:55:39] [INFO] [DELAY] click 단계: 0.73초 대기
[2025-10-17 00:55:49] [WARNING] [WARN] XPATH 클릭 실패: //*[@id="content"]/section/div[2]/div/button
에러: Message: 

[2025-10-17 00:55:50] [INFO] [INFO] 에러 스크린샷 저장: d:\coding\band_project\logs/screenshots\xpath_click_fail_20251017_005549.png
[2025-10-17 00:55:51] [INFO] [INFO] 마우스 자연 이동: (806, 342), duration: 1.42s
[2025-10-17 00:55:51] [INFO] [DELAY] thinking 단계: 4.97초 대기
[2025-10-17 00:55:56] [INFO] [DELAY] click 단계: 1.02초 대기
[2025-10-17 00:56:08] [WARNING] [WARN] 기본 클릭 실패(Message: 
), 인간 패턴 클릭으로 전환 중...
[2025-10-17 00:56:08] [INFO] [DELAY] click 단계: 0.64초 대기
[2025-10-17 00:56:09] [INFO] [DELAY] click 단계: 0.68초 대기
[2025-10-17 00:56:09] [INFO] [INFO] 글쓰기 버튼 강제 클릭 성공
[2025-10-17 00:56:09] [INFO] [DELAY] default 단계: 2.24초 대기
[2025-10-17 00:56:12] [INFO] [DELAY] click 단계: 1.20초 대기
[2025-10-17 00:58:12] [INFO] [INFO] 본문 자동 입력 성공 (현실적 패턴)
[2025-10-17 00:58:12] [INFO] [DELAY] typing 단계: 3.30초 대기
[2025-10-17 00:58:17] [INFO] [INFO] 마우스 자연 이동: (760, 532), duration: 0.92s
[2025-10-17 00:58:17] [INFO] [DELAY] upload 단계: 4.11초 대기
[2025-10-17 00:58:21] [INFO] [INFO] 파일 첨부 성공: d:\coding\band_project\resources/images\mozip.gif
[2025-10-17 00:58:21] [INFO] [DELAY] upload 단계: 3.82초 대기
[2025-10-17 00:58:26] [INFO] [INFO] 마우스 자연 이동: (431, 272), duration: 1.01s
[2025-10-17 00:58:26] [INFO] [DELAY] click 단계: 0.59초 대기
[2025-10-17 00:58:27] [INFO] [DELAY] click 단계: 0.90초 대기
[2025-10-17 00:58:28] [INFO] [DELAY] click 단계: 0.51초 대기
[2025-10-17 00:58:30] [INFO] [DELAY] thinking 단계: 4.53초 대기
[2025-10-17 00:58:34] [INFO] [DELAY] scroll 단계: 0.31초 대기
[2025-10-17 00:58:35] [INFO] [DELAY] click 단계: 0.76초 대기
[2025-10-17 00:58:36] [INFO] [DELAY] scroll 단계: 0.76초 대기
[2025-10-17 00:58:37] [INFO] 8번째 밴드 작업 완료, 남은 밴드: 1, 7초 대기 중
[2025-10-17 00:58:44] [INFO] [INFO] 창 포커스 및 최대화: main.py - band_project - Visual Studio Code
[2025-10-17 00:58:45] [INFO] [INFO] 마우스 자연 이동: (890, 471), duration: 0.62s
[2025-10-17 00:58:45] [INFO] [DELAY] click 단계: 0.95초 대기
[2025-10-17 00:58:46] [INFO] [DELAY] click 단계: 0.73초 대기
[2025-10-17 00:58:47] [INFO] [DELAY] thinking 단계: 2.31초 대기
[2025-10-17 00:58:49] [INFO] [DELAY] click 단계: 0.53초 대기
[2025-10-17 00:59:00] [WARNING] [WARN] XPATH 클릭 실패: //*[@id="content"]/section/div[2]/div/button
에러: Message: 

[2025-10-17 00:59:00] [INFO] [INFO] 에러 스크린샷 저장: d:\coding\band_project\logs/screenshots\xpath_click_fail_20251017_005900.png
[2025-10-17 00:59:01] [INFO] [INFO] 마우스 자연 이동: (481, 567), duration: 0.56s
[2025-10-17 00:59:01] [INFO] [DELAY] thinking 단계: 2.40초 대기
[2025-10-17 00:59:04] [INFO] [DELAY] click 단계: 1.19초 대기
[2025-10-17 00:59:15] [WARNING] [WARN] 기본 클릭 실패(Message: 
), 인간 패턴 클릭으로 전환 중...
[2025-10-17 00:59:15] [INFO] [DELAY] click 단계: 0.75초 대기
[2025-10-17 00:59:16] [INFO] [DELAY] click 단계: 1.24초 대기
[2025-10-17 00:59:17] [INFO] [INFO] 글쓰기 버튼 강제 클릭 성공
[2025-10-17 00:59:17] [INFO] [DELAY] default 단계: 1.81초 대기
[2025-10-17 00:59:19] [INFO] [DELAY] click 단계: 0.78초 대기
[2025-10-17 01:01:17] [INFO] [INFO] 본문 자동 입력 성공 (현실적 패턴)
[2025-10-17 01:01:17] [INFO] [DELAY] typing 단계: 1.22초 대기
[2025-10-17 01:01:20] [INFO] [INFO] 마우스 자연 이동: (796, 544), duration: 1.26s
[2025-10-17 01:01:20] [INFO] [DELAY] upload 단계: 2.91초 대기
[2025-10-17 01:01:23] [INFO] [INFO] 파일 첨부 성공: d:\coding\band_project\resources/images\mozip.gif
[2025-10-17 01:01:23] [INFO] [DELAY] upload 단계: 3.96초 대기
[2025-10-17 01:01:27] [INFO] [INFO] 마우스 자연 이동: (448, 317), duration: 0.40s
[2025-10-17 01:01:27] [INFO] [DELAY] click 단계: 1.20초 대기
[2025-10-17 01:01:29] [INFO] [DELAY] click 단계: 0.57초 대기
[2025-10-17 01:01:30] [INFO] [DELAY] click 단계: 0.50초 대기
[2025-10-17 01:01:30] [INFO] [DELAY] thinking 단계: 2.10초 대기
[2025-10-17 01:01:33] [INFO] [DELAY] scroll 단계: 0.32초 대기
[2025-10-17 01:01:33] [INFO] [DELAY] click 단계: 0.59초 대기
[2025-10-17 01:01:34] [INFO] [DELAY] scroll 단계: 0.94초 대기
[2025-10-17 01:01:35] [INFO] 9번째 밴드 작업 완료, 남은 밴드: 0, 12초 대기 중
[2025-10-17 01:01:47] [INFO] roof_bands 실패 밴드 리스트: []
[2025-10-17 01:02:04] [INFO] [INFO] 로그아웃 절차 시작
[2025-10-17 01:02:04] [INFO] [DELAY] click 단계: 0.68초 대기
[2025-10-17 01:02:06] [INFO] [DELAY] click 단계: 1.17초 대기
[2025-10-17 01:02:07] [INFO] [DELAY] click 단계: 0.89초 대기
[2025-10-17 01:02:08] [INFO] [DELAY] click 단계: 1.03초 대기
[2025-10-17 01:02:09] [INFO] [DELAY] click 단계: 1.17초 대기
[2025-10-17 01:02:11] [INFO] [DELAY] click 단계: 0.63초 대기
[2025-10-17 01:16:53] [INFO] 선택한 전화번호는 01075381965
[2025-10-17 01:16:53] [INFO] profile_dir의 경로는 D:\coding\band_project\accounts/01075381965/chrome_profile
[2025-10-17 01:16:53] [INFO] 크롬 프로필 기본 저장 위치 : D:\coding\band_project\accounts/01075381965/chrome_profile\Default\Preferences
[2025-10-17 01:16:57] [INFO] [INFO] 복원 팝업 ESC 키 전송으로 닫음
[2025-10-17 01:16:57] [INFO] [쿠키 복원] 현재 도메인/프록시 기능이 활성화되지 않아 쿠키 주입은 건너뜁니다. 환경 구축 후 주석 해제 필요.
[2025-10-17 01:17:03] [INFO] [INFO] 전화번호 입력 성공
[2025-10-17 01:17:06] [INFO] [INFO] 비밀번호 입력 성공
[2025-10-17 01:17:18] [INFO] [INFO] 창 포커스 및 최대화: main.py - band_project - Visual Studio Code
[2025-10-17 01:17:19] [INFO] [INFO] 마우스 자연 이동: (692, 207), duration: 0.95s
[2025-10-17 01:17:19] [INFO] [DELAY] click 단계: 1.26초 대기
[2025-10-17 01:17:21] [INFO] [DELAY] click 단계: 0.97초 대기
[2025-10-17 01:17:22] [INFO] [DELAY] thinking 단계: 1.87초 대기
[2025-10-17 01:17:24] [INFO] [DELAY] click 단계: 0.87초 대기
[2025-10-17 01:17:35] [WARNING] [WARN] XPATH 클릭 실패: //*[@id="content"]/section/div[2]/div/button
에러: Message: 

[2025-10-17 01:17:35] [INFO] [INFO] 에러 스크린샷 저장: D:\coding\band_project\logs/screenshots\xpath_click_fail_20251017_011735.png
[2025-10-17 01:17:36] [INFO] [INFO] 마우스 자연 이동: (525, 551), duration: 0.69s
[2025-10-17 01:17:36] [INFO] [DELAY] thinking 단계: 4.40초 대기
[2025-10-17 01:17:40] [INFO] [DELAY] click 단계: 0.94초 대기
[2025-10-17 01:17:51] [WARNING] [WARN] 기본 클릭 실패(Message: 
), 인간 패턴 클릭으로 전환 중...
[2025-10-17 01:17:51] [INFO] [DELAY] click 단계: 0.60초 대기
[2025-10-17 01:17:53] [INFO] [DELAY] click 단계: 0.71초 대기
[2025-10-17 01:17:53] [INFO] [INFO] 글쓰기 버튼 강제 클릭 성공
[2025-10-17 01:17:53] [INFO] [DELAY] default 단계: 1.31초 대기
[2025-10-17 01:17:55] [INFO] [DELAY] click 단계: 0.70초 대기
[2025-10-17 01:18:08] [WARNING] 1번째 밴드 실패: <class 'selenium.common.exceptions.NoSuchWindowException'> - Message: no such window: target window already closed
from unknown error: web view not found
  (Session info: chrome=141.0.7390.77)
Stacktrace:
	GetHandleVerifier [0x0xe9fe83+66515]
	GetHandleVerifier [0x0xe9fec4+66580]
	(No symbol) [0x0xc8dc48]
	(No symbol) [0x0xc6c18d]
	(No symbol) [0x0xd01a4e]
	(No symbol) [0x0xd1c4d9]
	(No symbol) [0x0xcfafc6]
	(No symbol) [0x0xccc2ca]
	(No symbol) [0x0xccd154]
	GetHandleVerifier [0x0x10f73b3+2521347]
	GetHandleVerifier [0x0x10f2333+2500739]
	GetHandleVerifier [0x0xec7cd4+229924]
	GetHandleVerifier [0x0xeb8238+165768]
	GetHandleVerifier [0x0xebeced+193085]
	GetHandleVerifier [0x0xea8198+100072]
	GetHandleVerifier [0x0xea8330+100480]
	GetHandleVerifier [0x0xe925ea+11066]
	BaseThreadInitThunk [0x0x75f17ba9+25]
	RtlInitializeExceptionChain [0x0x77acc3ab+107]
	RtlClearBits [0x0x77acc32f+191]

[2025-10-17 01:18:08] [INFO] 1번째 밴드 작업 완료, 남은 밴드: 8, 9초 대기 중
[2025-10-17 01:20:02] [INFO] 선택한 전화번호는 01075381965
[2025-10-17 01:20:02] [INFO] profile_dir의 경로는 d:\coding\band_project\accounts/01075381965/chrome_profile
[2025-10-17 01:20:02] [INFO] 크롬 프로필 기본 저장 위치 : d:\coding\band_project\accounts/01075381965/chrome_profile\Default\Preferences
[2025-10-17 01:20:07] [INFO] [INFO] 복원 팝업 ESC 키 전송으로 닫음
[2025-10-17 01:20:32] [INFO] [쿠키 복원] 현재 도메인/프록시 기능이 활성화되지 않아 쿠키 주입은 건너뜁니다. 환경 구축 후 주석 해제 필요.
[2025-10-17 01:20:38] [INFO] [INFO] 전화번호 입력 성공
[2025-10-17 01:20:41] [INFO] [INFO] 비밀번호 입력 성공
[2025-10-17 01:40:46] [INFO] 선택한 전화번호는 01075381965
[2025-10-17 01:40:46] [INFO] profile_dir의 경로는 d:\coding\band_project\accounts/01075381965/chrome_profile
[2025-10-17 01:40:46] [INFO] 크롬 프로필 기본 저장 위치 : d:\coding\band_project\accounts/01075381965/chrome_profile\Default\Preferences
[2025-10-17 01:41:20] [INFO] 선택한 전화번호는 01075381965
[2025-10-17 01:41:20] [INFO] profile_dir의 경로는 d:\coding\band_project\accounts/01075381965/chrome_profile
[2025-10-17 01:41:20] [INFO] 크롬 프로필 기본 저장 위치 : d:\coding\band_project\accounts/01075381965/chrome_profile\Default\Preferences
[2025-10-17 01:42:14] [INFO] 선택한 전화번호는 01075381965
[2025-10-17 01:42:14] [INFO] profile_dir의 경로는 d:\coding\band_project\accounts/01075381965/chrome_profile
[2025-10-17 01:42:14] [INFO] 크롬 프로필 기본 저장 위치 : d:\coding\band_project\accounts/01075381965/chrome_profile\Default\Preferences
[2025-10-17 01:43:36] [INFO] 선택한 전화번호는 01075381965
[2025-10-17 01:43:36] [INFO] profile_dir의 경로는 d:\coding\band_project\accounts/01075381965/chrome_profile
[2025-10-17 01:43:36] [INFO] 크롬 프로필 기본 저장 위치 : d:\coding\band_project\accounts/01075381965/chrome_profile\Default\Preferences
[2025-10-17 01:43:41] [INFO] [INFO] 복원 팝업 ESC 키 전송으로 닫음
[2025-10-17 01:43:58] [INFO] 선택한 전화번호는 01075381965
[2025-10-17 01:43:58] [INFO] profile_dir의 경로는 d:\coding\band_project\accounts/01075381965/chrome_profile
[2025-10-17 01:43:58] [INFO] 크롬 프로필 기본 저장 위치 : d:\coding\band_project\accounts/01075381965/chrome_profile\Default\Preferences
[2025-10-17 01:44:03] [INFO] [INFO] 복원 팝업 ESC 키 전송으로 닫음
[2025-10-17 01:44:03] [INFO] [쿠키 복원] 현재 도메인/프록시 기능이 활성화되지 않아 쿠키 주입은 건너뜁니다. 환경 구축 후 주석 해제 필요.
[2025-10-17 01:44:08] [INFO] [INFO] 전화번호 입력 성공
[2025-10-17 01:44:11] [INFO] [INFO] 비밀번호 입력 성공
[2025-10-17 01:44:17] [INFO] [INFO] 창 포커스 및 최대화: main.py - band_project - Visual Studio Code
[2025-10-17 01:44:19] [INFO] [INFO] 마우스 자연 이동: (619, 378), duration: 1.03s
[2025-10-17 01:44:19] [INFO] [DELAY] click 단계: 0.62초 대기
[2025-10-17 01:44:20] [INFO] [DELAY] click 단계: 0.95초 대기
[2025-10-17 01:44:21] [INFO] [DELAY] thinking 단계: 2.07초 대기
[2025-10-17 01:44:23] [INFO] [DELAY] click 단계: 0.61초 대기
[2025-10-17 01:44:25] [INFO] [DELAY] click 단계: 0.90초 대기
[2025-10-17 01:44:25] [INFO] [INFO] 글쓰기 버튼 강제 클릭 성공
[2025-10-17 01:44:25] [INFO] [DELAY] default 단계: 2.37초 대기
[2025-10-17 01:44:28] [INFO] [DELAY] click 단계: 0.64초 대기
[2025-10-17 01:46:02] [INFO] [INFO] 본문 자동 입력 성공 (현실적 패턴)
[2025-10-17 01:46:02] [INFO] [DELAY] typing 단계: 1.29초 대기
[2025-10-17 01:46:04] [INFO] [INFO] 마우스 자연 이동: (666, 558), duration: 0.52s
[2025-10-17 01:46:04] [INFO] [DELAY] upload 단계: 2.53초 대기
[2025-10-17 01:46:07] [INFO] [INFO] 파일 첨부 성공: d:\coding\band_project\resources/images\mozip.gif
[2025-10-17 01:46:07] [INFO] [DELAY] upload 단계: 2.25초 대기
[2025-10-17 01:46:10] [INFO] [INFO] 마우스 자연 이동: (441, 204), duration: 0.79s
[2025-10-17 01:46:10] [INFO] [DELAY] click 단계: 0.92초 대기
[2025-10-17 01:46:12] [INFO] [DELAY] click 단계: 0.75초 대기
[2025-10-17 01:46:13] [INFO] [DELAY] click 단계: 1.21초 대기
[2025-10-17 01:46:15] [INFO] [DELAY] thinking 단계: 4.92초 대기
[2025-10-17 01:46:20] [INFO] [DELAY] scroll 단계: 0.95초 대기
[2025-10-17 01:46:21] [INFO] [DELAY] click 단계: 0.81초 대기
[2025-10-17 01:46:22] [INFO] [DELAY] scroll 단계: 0.58초 대기
[2025-10-17 01:46:23] [INFO] 1번째 밴드 작업 완료, 남은 밴드: 8, 13초 대기 중
[2025-10-17 01:46:36] [INFO] [INFO] 창 포커스 및 최대화: main.py - band_project - Visual Studio Code
[2025-10-17 01:46:36] [INFO] [INFO] 마우스 자연 이동: (592, 346), duration: 0.44s
[2025-10-17 01:46:36] [INFO] [DELAY] click 단계: 0.74초 대기
[2025-10-17 01:46:38] [INFO] [DELAY] click 단계: 0.84초 대기
[2025-10-17 01:46:38] [INFO] [DELAY] thinking 단계: 2.19초 대기
[2025-10-17 01:46:41] [INFO] [DELAY] click 단계: 0.90초 대기
[2025-10-17 01:46:42] [INFO] [DELAY] click 단계: 0.84초 대기
[2025-10-17 01:46:43] [INFO] [INFO] 글쓰기 버튼 강제 클릭 성공
[2025-10-17 01:46:43] [INFO] [DELAY] default 단계: 1.85초 대기
[2025-10-17 01:46:45] [INFO] [DELAY] click 단계: 1.16초 대기
[2025-10-17 01:48:23] [INFO] [INFO] 본문 자동 입력 성공 (현실적 패턴)
[2025-10-17 01:48:24] [INFO] [DELAY] typing 단계: 1.89초 대기
[2025-10-17 01:48:27] [INFO] [INFO] 마우스 자연 이동: (402, 544), duration: 1.26s
[2025-10-17 01:48:27] [INFO] [DELAY] upload 단계: 2.60초 대기
[2025-10-17 01:48:30] [INFO] [INFO] 파일 첨부 성공: d:\coding\band_project\resources/images\mozip1.gif
[2025-10-17 01:48:30] [INFO] [DELAY] upload 단계: 3.60초 대기
[2025-10-17 01:48:34] [INFO] [INFO] 마우스 자연 이동: (846, 536), duration: 0.66s
[2025-10-17 01:48:34] [INFO] [DELAY] click 단계: 0.90초 대기
[2025-10-17 01:48:36] [INFO] [DELAY] click 단계: 0.63초 대기
[2025-10-17 01:48:37] [INFO] [DELAY] click 단계: 0.89초 대기
[2025-10-17 01:48:38] [INFO] [DELAY] thinking 단계: 4.88초 대기
[2025-10-17 01:48:43] [INFO] [DELAY] scroll 단계: 0.90초 대기
[2025-10-17 01:48:44] [INFO] [DELAY] click 단계: 0.74초 대기
[2025-10-17 01:48:45] [INFO] [DELAY] scroll 단계: 0.63초 대기
[2025-10-17 01:48:46] [INFO] 2번째 밴드 작업 완료, 남은 밴드: 7, 13초 대기 중
[2025-10-17 01:48:59] [INFO] [INFO] 창 포커스 및 최대화: naverband_automation.py - band_project - Visual Studio Code
[2025-10-17 01:49:01] [INFO] [INFO] 마우스 자연 이동: (635, 327), duration: 1.18s
[2025-10-17 01:49:01] [INFO] [DELAY] click 단계: 0.83초 대기
[2025-10-17 01:49:02] [INFO] [DELAY] click 단계: 1.12초 대기
[2025-10-17 01:49:03] [INFO] [DELAY] thinking 단계: 4.99초 대기
[2025-10-17 01:49:08] [INFO] [DELAY] click 단계: 0.82초 대기
[2025-10-17 01:49:10] [INFO] [DELAY] click 단계: 0.83초 대기
[2025-10-17 01:49:11] [INFO] [INFO] 글쓰기 버튼 강제 클릭 성공
[2025-10-17 01:49:11] [INFO] [DELAY] default 단계: 2.25초 대기
[2025-10-17 01:49:13] [INFO] [DELAY] click 단계: 0.94초 대기
[2025-10-17 01:50:46] [INFO] [INFO] 본문 자동 입력 성공 (현실적 패턴)
[2025-10-17 01:50:46] [INFO] [DELAY] typing 단계: 2.24초 대기
[2025-10-17 01:50:49] [INFO] [INFO] 마우스 자연 이동: (359, 365), duration: 1.00s
[2025-10-17 01:50:49] [INFO] [DELAY] upload 단계: 3.93초 대기
[2025-10-17 01:50:53] [INFO] [INFO] 파일 첨부 성공: d:\coding\band_project\resources/images\mozip1.gif
[2025-10-17 01:50:53] [INFO] [DELAY] upload 단계: 2.98초 대기
[2025-10-17 01:50:58] [INFO] [INFO] 마우스 자연 이동: (877, 460), duration: 1.04s
[2025-10-17 01:50:58] [INFO] [DELAY] click 단계: 1.11초 대기
[2025-10-17 01:50:59] [INFO] [DELAY] click 단계: 1.03초 대기
[2025-10-17 01:51:00] [INFO] [DELAY] click 단계: 1.11초 대기
[2025-10-17 01:51:02] [INFO] [DELAY] thinking 단계: 2.10초 대기
[2025-10-17 01:51:04] [INFO] [DELAY] scroll 단계: 0.37초 대기
[2025-10-17 01:51:05] [INFO] [DELAY] click 단계: 0.83초 대기
[2025-10-17 01:51:06] [INFO] [DELAY] scroll 단계: 0.74초 대기
[2025-10-17 01:51:07] [INFO] 3번째 밴드 작업 완료, 남은 밴드: 6, 7초 대기 중
[2025-10-17 01:51:14] [INFO] [INFO] 창 포커스 및 최대화: naverband_automation.py - band_project - Visual Studio Code
[2025-10-17 01:51:16] [INFO] [INFO] 마우스 자연 이동: (606, 544), duration: 1.33s
[2025-10-17 01:51:16] [INFO] [DELAY] click 단계: 0.56초 대기
[2025-10-17 01:51:17] [INFO] [DELAY] click 단계: 1.08초 대기
[2025-10-17 01:51:18] [INFO] [DELAY] thinking 단계: 1.51초 대기
[2025-10-17 01:51:19] [INFO] [DELAY] click 단계: 0.52초 대기
[2025-10-17 01:51:21] [INFO] [DELAY] click 단계: 1.07초 대기
[2025-10-17 01:51:22] [INFO] [INFO] 글쓰기 버튼 강제 클릭 성공
[2025-10-17 01:51:22] [INFO] [DELAY] default 단계: 2.49초 대기
[2025-10-17 01:51:24] [INFO] [DELAY] click 단계: 0.81초 대기
[2025-10-17 01:52:58] [INFO] [INFO] 본문 자동 입력 성공 (현실적 패턴)
[2025-10-17 01:52:58] [INFO] [DELAY] typing 단계: 3.31초 대기
[2025-10-17 01:53:03] [INFO] [INFO] 마우스 자연 이동: (307, 497), duration: 1.21s
[2025-10-17 01:53:03] [INFO] [DELAY] upload 단계: 2.96초 대기
[2025-10-17 01:53:06] [INFO] [INFO] 파일 첨부 성공: d:\coding\band_project\resources/images\mozip1.gif
[2025-10-17 01:53:06] [INFO] [DELAY] upload 단계: 3.37초 대기
[2025-10-17 01:53:11] [INFO] [INFO] 마우스 자연 이동: (370, 453), duration: 1.43s
[2025-10-17 01:53:11] [INFO] [DELAY] click 단계: 0.59초 대기
[2025-10-17 01:53:13] [INFO] [DELAY] click 단계: 0.85초 대기
[2025-10-17 01:53:13] [INFO] [DELAY] click 단계: 1.21초 대기
[2025-10-17 01:53:15] [INFO] [DELAY] thinking 단계: 4.98초 대기
[2025-10-17 01:53:20] [INFO] [DELAY] scroll 단계: 0.94초 대기
[2025-10-17 01:53:21] [INFO] [DELAY] click 단계: 0.68초 대기
[2025-10-17 01:53:23] [INFO] [DELAY] scroll 단계: 0.77초 대기
[2025-10-17 01:53:23] [INFO] 4번째 밴드 작업 완료, 남은 밴드: 5, 5초 대기 중
[2025-10-17 01:53:28] [INFO] [INFO] 창 포커스 및 최대화: naverband_automation.py - band_project - Visual Studio Code
[2025-10-17 01:53:30] [INFO] [INFO] 마우스 자연 이동: (450, 299), duration: 1.37s
[2025-10-17 01:53:30] [INFO] [DELAY] click 단계: 0.72초 대기
[2025-10-17 01:53:32] [INFO] [DELAY] click 단계: 1.25초 대기
[2025-10-17 01:53:33] [INFO] [DELAY] thinking 단계: 3.94초 대기
[2025-10-17 01:53:37] [INFO] [DELAY] click 단계: 0.84초 대기
[2025-10-17 01:53:38] [INFO] [DELAY] click 단계: 0.65초 대기
[2025-10-17 01:53:39] [INFO] [INFO] 글쓰기 버튼 강제 클릭 성공
[2025-10-17 01:53:39] [INFO] [DELAY] default 단계: 1.51초 대기
[2025-10-17 01:53:40] [INFO] [DELAY] click 단계: 0.70초 대기
[2025-10-17 01:55:19] [INFO] [INFO] 본문 자동 입력 성공 (현실적 패턴)
[2025-10-17 01:55:19] [INFO] [DELAY] typing 단계: 2.54초 대기
[2025-10-17 01:55:23] [INFO] [INFO] 마우스 자연 이동: (544, 358), duration: 0.69s
[2025-10-17 01:55:23] [INFO] [DELAY] upload 단계: 3.83초 대기
[2025-10-17 01:55:27] [INFO] [INFO] 파일 첨부 성공: d:\coding\band_project\resources/images\mozip1.gif
[2025-10-17 01:55:27] [INFO] [DELAY] upload 단계: 2.67초 대기
[2025-10-17 01:55:31] [INFO] [INFO] 마우스 자연 이동: (529, 347), duration: 1.44s
[2025-10-17 01:55:31] [INFO] [DELAY] click 단계: 1.13초 대기
[2025-10-17 01:55:33] [INFO] [DELAY] click 단계: 0.77초 대기
[2025-10-17 01:55:33] [INFO] [DELAY] click 단계: 1.07초 대기
[2025-10-17 01:55:35] [INFO] [DELAY] thinking 단계: 2.47초 대기
[2025-10-17 01:55:38] [INFO] [DELAY] scroll 단계: 0.68초 대기
[2025-10-17 01:55:38] [INFO] [DELAY] click 단계: 1.27초 대기
[2025-10-17 01:55:40] [INFO] [DELAY] scroll 단계: 0.78초 대기
[2025-10-17 01:55:41] [INFO] 5번째 밴드 작업 완료, 남은 밴드: 4, 14초 대기 중
[2025-10-17 01:55:55] [INFO] [INFO] 창 포커스 및 최대화: main.py - band_project - Visual Studio Code
[2025-10-17 01:55:56] [INFO] [INFO] 마우스 자연 이동: (555, 218), duration: 0.83s
[2025-10-17 01:55:56] [INFO] [DELAY] click 단계: 0.64초 대기
[2025-10-17 01:55:57] [INFO] [DELAY] click 단계: 1.08초 대기
[2025-10-17 01:55:59] [INFO] [DELAY] thinking 단계: 2.63초 대기
[2025-10-17 01:56:01] [INFO] [DELAY] click 단계: 1.28초 대기
[2025-10-17 01:56:03] [INFO] [DELAY] click 단계: 1.22초 대기
[2025-10-17 01:56:04] [INFO] [INFO] 글쓰기 버튼 강제 클릭 성공
[2025-10-17 01:56:04] [INFO] [DELAY] default 단계: 1.97초 대기
[2025-10-17 01:56:06] [INFO] [DELAY] click 단계: 0.63초 대기
[2025-10-17 01:57:39] [INFO] [INFO] 본문 자동 입력 성공 (현실적 패턴)
[2025-10-17 01:57:39] [INFO] [DELAY] typing 단계: 1.77초 대기
[2025-10-17 01:57:41] [INFO] [INFO] 마우스 자연 이동: (518, 324), duration: 0.62s
[2025-10-17 01:57:41] [INFO] [DELAY] upload 단계: 3.16초 대기
[2025-10-17 01:57:45] [INFO] [INFO] 파일 첨부 성공: d:\coding\band_project\resources/images\mozip1.gif
[2025-10-17 01:57:45] [INFO] [DELAY] upload 단계: 4.03초 대기
[2025-10-17 01:57:50] [INFO] [INFO] 마우스 자연 이동: (608, 524), duration: 1.02s
[2025-10-17 01:57:50] [INFO] [DELAY] click 단계: 0.65초 대기
[2025-10-17 01:57:51] [INFO] [DELAY] click 단계: 1.12초 대기
[2025-10-17 01:57:52] [INFO] [DELAY] click 단계: 1.12초 대기
[2025-10-17 01:57:54] [INFO] [DELAY] thinking 단계: 2.76초 대기
[2025-10-17 01:57:57] [INFO] [DELAY] scroll 단계: 0.70초 대기
[2025-10-17 01:57:57] [INFO] [DELAY] click 단계: 0.69초 대기
[2025-10-17 01:57:59] [INFO] [DELAY] scroll 단계: 0.77초 대기
[2025-10-17 01:58:00] [INFO] 6번째 밴드 작업 완료, 남은 밴드: 3, 8초 대기 중
[2025-10-17 01:58:08] [INFO] [INFO] 창 포커스 및 최대화: main.py - band_project - Visual Studio Code
[2025-10-17 01:58:09] [INFO] [INFO] 마우스 자연 이동: (506, 503), duration: 0.58s
[2025-10-17 01:58:09] [INFO] [DELAY] click 단계: 1.28초 대기
[2025-10-17 01:58:10] [INFO] [DELAY] click 단계: 0.84초 대기
[2025-10-17 01:58:11] [INFO] [DELAY] thinking 단계: 3.30초 대기
[2025-10-17 01:58:14] [INFO] [DELAY] click 단계: 0.67초 대기
[2025-10-17 01:58:16] [INFO] [DELAY] click 단계: 0.64초 대기
[2025-10-17 01:58:16] [INFO] [INFO] 글쓰기 버튼 강제 클릭 성공
[2025-10-17 01:58:16] [INFO] [DELAY] default 단계: 2.41초 대기
[2025-10-17 01:58:19] [INFO] [DELAY] click 단계: 0.88초 대기
[2025-10-17 01:59:54] [INFO] [INFO] 본문 자동 입력 성공 (현실적 패턴)
[2025-10-17 01:59:54] [INFO] [DELAY] typing 단계: 2.41초 대기
[2025-10-17 01:59:58] [INFO] [INFO] 마우스 자연 이동: (763, 346), duration: 1.04s
[2025-10-17 01:59:58] [INFO] [DELAY] upload 단계: 3.43초 대기
[2025-10-17 02:00:01] [INFO] [INFO] 파일 첨부 성공: d:\coding\band_project\resources/images\mozip1.gif
[2025-10-17 02:00:01] [INFO] [DELAY] upload 단계: 4.27초 대기
[2025-10-17 02:00:06] [INFO] [INFO] 마우스 자연 이동: (553, 252), duration: 0.40s
[2025-10-17 02:00:06] [INFO] [DELAY] click 단계: 0.57초 대기
[2025-10-17 02:00:07] [INFO] [DELAY] click 단계: 0.97초 대기
[2025-10-17 02:00:08] [INFO] [DELAY] click 단계: 0.86초 대기
[2025-10-17 02:00:10] [INFO] [DELAY] thinking 단계: 1.62초 대기
[2025-10-17 02:00:11] [INFO] [DELAY] scroll 단계: 0.52초 대기
[2025-10-17 02:00:12] [INFO] [DELAY] click 단계: 1.10초 대기
[2025-10-17 02:00:14] [INFO] [DELAY] scroll 단계: 0.80초 대기
[2025-10-17 02:00:14] [INFO] 7번째 밴드 작업 완료, 남은 밴드: 2, 8초 대기 중
[2025-10-17 02:00:22] [INFO] [INFO] 창 포커스 및 최대화: main.py - band_project - Visual Studio Code
[2025-10-17 02:00:23] [INFO] [INFO] 마우스 자연 이동: (863, 403), duration: 0.67s
[2025-10-17 02:00:23] [INFO] [DELAY] click 단계: 0.57초 대기
[2025-10-17 02:00:25] [INFO] [DELAY] click 단계: 0.68초 대기
[2025-10-17 02:00:25] [INFO] [DELAY] thinking 단계: 4.55초 대기
[2025-10-17 02:00:30] [INFO] [DELAY] click 단계: 0.67초 대기
[2025-10-17 02:00:31] [INFO] [DELAY] click 단계: 1.04초 대기
[2025-10-17 02:00:32] [INFO] [INFO] 글쓰기 버튼 강제 클릭 성공
[2025-10-17 02:00:32] [INFO] [DELAY] default 단계: 1.43초 대기
[2025-10-17 02:00:34] [INFO] [DELAY] click 단계: 1.12초 대기
[2025-10-17 02:02:10] [INFO] [INFO] 본문 자동 입력 성공 (현실적 패턴)
[2025-10-17 02:02:10] [INFO] [DELAY] typing 단계: 3.38초 대기
[2025-10-17 02:02:15] [INFO] [INFO] 마우스 자연 이동: (551, 565), duration: 1.27s
[2025-10-17 02:02:15] [INFO] [DELAY] upload 단계: 2.53초 대기
[2025-10-17 02:02:18] [INFO] [INFO] 파일 첨부 성공: d:\coding\band_project\resources/images\mozip1.gif
[2025-10-17 02:02:18] [INFO] [DELAY] upload 단계: 2.55초 대기
[2025-10-17 02:02:22] [INFO] [INFO] 마우스 자연 이동: (366, 475), duration: 1.05s
[2025-10-17 02:02:22] [INFO] [DELAY] click 단계: 1.13초 대기
[2025-10-17 02:02:24] [INFO] [DELAY] click 단계: 1.06초 대기
[2025-10-17 02:02:25] [INFO] [DELAY] click 단계: 0.93초 대기
[2025-10-17 02:02:26] [INFO] [DELAY] thinking 단계: 2.67초 대기
[2025-10-17 02:02:29] [INFO] [DELAY] scroll 단계: 0.53초 대기
[2025-10-17 02:02:30] [INFO] [DELAY] click 단계: 1.17초 대기
[2025-10-17 02:02:31] [INFO] [DELAY] scroll 단계: 0.49초 대기
[2025-10-17 02:02:32] [INFO] 8번째 밴드 작업 완료, 남은 밴드: 1, 15초 대기 중
[2025-10-17 02:02:47] [INFO] [INFO] 창 포커스 및 최대화: main.py - band_project - Visual Studio Code
[2025-10-17 02:02:49] [INFO] [INFO] 마우스 자연 이동: (626, 312), duration: 1.16s
[2025-10-17 02:02:49] [INFO] [DELAY] click 단계: 0.59초 대기
[2025-10-17 02:02:58] [INFO] [DELAY] click 단계: 0.62초 대기
[2025-10-17 02:02:59] [INFO] [DELAY] thinking 단계: 1.82초 대기
[2025-10-17 02:03:01] [INFO] [DELAY] click 단계: 1.02초 대기
[2025-10-17 02:03:02] [INFO] [DELAY] click 단계: 0.65초 대기
[2025-10-17 02:03:03] [INFO] [INFO] 글쓰기 버튼 강제 클릭 성공
[2025-10-17 02:03:03] [INFO] [DELAY] default 단계: 1.59초 대기
[2025-10-17 02:03:05] [INFO] [DELAY] click 단계: 0.91초 대기
[2025-10-17 02:04:37] [INFO] [INFO] 본문 자동 입력 성공 (현실적 패턴)
[2025-10-17 02:04:37] [INFO] [DELAY] typing 단계: 3.48초 대기
[2025-10-17 02:04:42] [INFO] [INFO] 마우스 자연 이동: (490, 443), duration: 0.83s
[2025-10-17 02:04:42] [INFO] [DELAY] upload 단계: 2.46초 대기
[2025-10-17 02:04:44] [INFO] [INFO] 파일 첨부 성공: d:\coding\band_project\resources/images\mozip.gif
[2025-10-17 02:04:44] [INFO] [DELAY] upload 단계: 2.40초 대기
[2025-10-17 02:04:48] [INFO] [INFO] 마우스 자연 이동: (643, 467), duration: 1.03s
[2025-10-17 02:04:48] [INFO] [DELAY] click 단계: 1.01초 대기
[2025-10-17 02:04:50] [INFO] [DELAY] click 단계: 0.91초 대기
[2025-10-17 02:04:51] [INFO] [DELAY] click 단계: 0.62초 대기
[2025-10-17 02:04:52] [INFO] [DELAY] thinking 단계: 3.55초 대기
[2025-10-17 02:04:56] [INFO] [DELAY] scroll 단계: 0.65초 대기
[2025-10-17 02:04:56] [INFO] [DELAY] click 단계: 0.57초 대기
[2025-10-17 02:04:57] [INFO] [DELAY] scroll 단계: 0.48초 대기
[2025-10-17 02:04:58] [INFO] 9번째 밴드 작업 완료, 남은 밴드: 0, 9초 대기 중
[2025-10-17 02:05:07] [INFO] roof_bands 실패 밴드 리스트: []
[2025-10-17 02:05:24] [INFO] [INFO] 로그아웃 절차 시작
[2025-10-17 02:05:24] [INFO] [DELAY] click 단계: 0.89초 대기
[2025-10-17 02:05:25] [INFO] [DELAY] click 단계: 1.17초 대기
[2025-10-17 02:05:26] [INFO] [DELAY] click 단계: 0.89초 대기
[2025-10-17 02:05:28] [INFO] [DELAY] click 단계: 1.14초 대기
[2025-10-17 02:05:29] [INFO] [DELAY] click 단계: 0.92초 대기
[2025-10-17 02:05:31] [INFO] [DELAY] click 단계: 0.88초 대기
[2025-10-17 02:09:51] [INFO] 선택한 전화번호는 01075381965
[2025-10-17 02:09:51] [INFO] profile_dir의 경로는 d:\coding\band_project\accounts/01075381965/chrome_profile
[2025-10-17 02:09:51] [INFO] 크롬 프로필 기본 저장 위치 : d:\coding\band_project\accounts/01075381965/chrome_profile\Default\Preferences
[2025-10-17 02:09:56] [INFO] [INFO] 복원 팝업 ESC 키 전송으로 닫음
[2025-10-17 02:09:56] [INFO] [쿠키 복원] 현재 도메인/프록시 기능이 활성화되지 않아 쿠키 주입은 건너뜁니다. 환경 구축 후 주석 해제 필요.
[2025-10-17 02:10:03] [INFO] [INFO] 전화번호 입력 성공
[2025-10-17 02:10:05] [INFO] [INFO] 비밀번호 입력 성공
[2025-10-17 02:10:17] [INFO] [INFO] 창 포커스 및 최대화: main.py - band_project - Visual Studio Code
[2025-10-17 02:10:18] [INFO] [INFO] 마우스 자연 이동: (586, 497), duration: 0.92s
[2025-10-17 02:10:18] [INFO] [DELAY] click 단계: 0.71초 대기
[2025-10-17 02:10:20] [INFO] [DELAY] click 단계: 1.04초 대기
[2025-10-17 02:10:21] [INFO] [DELAY] thinking 단계: 3.43초 대기
[2025-10-17 02:10:24] [INFO] [DELAY] click 단계: 0.65초 대기
[2025-10-17 02:10:25] [INFO] [DELAY] click 단계: 1.13초 대기
[2025-10-17 02:10:27] [INFO] [INFO] 글쓰기 버튼 강제 클릭 성공
[2025-10-17 02:10:27] [INFO] [DELAY] default 단계: 2.34초 대기
[2025-10-17 02:10:29] [INFO] [DELAY] click 단계: 1.29초 대기
[2025-10-17 02:12:01] [INFO] [INFO] 본문 자동 입력 성공 (현실적 패턴)
[2025-10-17 02:12:01] [INFO] [DELAY] typing 단계: 1.22초 대기
[2025-10-17 02:12:04] [INFO] [INFO] 마우스 자연 이동: (566, 231), duration: 1.16s
[2025-10-17 02:12:04] [INFO] [DELAY] upload 단계: 4.47초 대기
[2025-10-17 02:12:09] [INFO] [INFO] 파일 첨부 성공: d:\coding\band_project\resources/images\mozip.gif
[2025-10-17 02:12:09] [INFO] [DELAY] upload 단계: 3.36초 대기
[2025-10-17 02:12:14] [INFO] [INFO] 마우스 자연 이동: (814, 570), duration: 0.97s
[2025-10-17 02:12:14] [INFO] [DELAY] click 단계: 0.61초 대기
[2025-10-17 02:12:15] [INFO] [DELAY] click 단계: 0.86초 대기
[2025-10-17 02:12:15] [INFO] [DELAY] click 단계: 0.52초 대기
[2025-10-17 02:12:16] [INFO] [DELAY] thinking 단계: 1.52초 대기
[2025-10-17 02:12:18] [INFO] [DELAY] scroll 단계: 0.89초 대기
[2025-10-17 02:12:19] [INFO] [DELAY] click 단계: 0.82초 대기
[2025-10-17 02:12:21] [INFO] [DELAY] scroll 단계: 0.91초 대기
[2025-10-17 02:12:21] [INFO] 1번째 밴드 작업 완료, 남은 밴드: 8, 14초 대기 중
[2025-10-17 02:12:37] [INFO] [INFO] 마우스 자연 이동: (460, 216), duration: 1.30s
[2025-10-17 02:12:37] [INFO] [INFO] 창 포커스 및 최대화: main.py - band_project - Visual Studio Code
[2025-10-17 02:12:38] [INFO] [INFO] 마우스 자연 이동: (715, 555), duration: 0.51s
[2025-10-17 02:12:38] [INFO] [DELAY] click 단계: 0.82초 대기
[2025-10-17 02:12:39] [INFO] [DELAY] click 단계: 1.28초 대기
[2025-10-17 02:12:41] [INFO] [DELAY] thinking 단계: 2.11초 대기
[2025-10-17 02:12:43] [INFO] [DELAY] click 단계: 0.51초 대기
[2025-10-17 02:12:44] [INFO] [DELAY] click 단계: 0.57초 대기
[2025-10-17 02:12:45] [INFO] [INFO] 글쓰기 버튼 강제 클릭 성공
[2025-10-17 02:12:45] [INFO] [DELAY] default 단계: 1.16초 대기
[2025-10-17 02:12:46] [INFO] [DELAY] click 단계: 1.28초 대기
[2025-10-17 02:14:19] [INFO] [INFO] 본문 자동 입력 성공 (현실적 패턴)
[2025-10-17 02:14:19] [INFO] [DELAY] typing 단계: 1.59초 대기
[2025-10-17 02:14:23] [INFO] [INFO] 마우스 자연 이동: (406, 286), duration: 1.29s
[2025-10-17 02:14:23] [INFO] [DELAY] upload 단계: 2.01초 대기
[2025-10-17 02:14:25] [INFO] [INFO] 파일 첨부 성공: d:\coding\band_project\resources/images\mozip.gif
[2025-10-17 02:14:25] [INFO] [DELAY] upload 단계: 2.11초 대기
[2025-10-17 02:14:28] [INFO] [INFO] 마우스 자연 이동: (377, 360), duration: 0.54s
[2025-10-17 02:14:28] [INFO] [DELAY] click 단계: 1.10초 대기
[2025-10-17 02:14:29] [INFO] [DELAY] click 단계: 0.84초 대기
[2025-10-17 02:14:30] [INFO] [DELAY] click 단계: 0.62초 대기
[2025-10-17 02:14:32] [INFO] [DELAY] thinking 단계: 2.25초 대기
[2025-10-17 02:14:34] [INFO] [DELAY] scroll 단계: 0.69초 대기
[2025-10-17 02:14:35] [INFO] [DELAY] click 단계: 0.73초 대기
[2025-10-17 02:14:36] [INFO] [DELAY] scroll 단계: 0.32초 대기
[2025-10-17 02:14:36] [INFO] 2번째 밴드 작업 완료, 남은 밴드: 7, 11초 대기 중
[2025-10-17 02:14:49] [INFO] [INFO] 마우스 자연 이동: (681, 316), duration: 1.08s
[2025-10-17 02:14:49] [INFO] [INFO] 창 포커스 및 최대화: main.py - band_project - Visual Studio Code
[2025-10-17 02:14:50] [INFO] [INFO] 마우스 자연 이동: (838, 223), duration: 1.43s
[2025-10-17 02:14:50] [INFO] [DELAY] click 단계: 1.22초 대기
[2025-10-17 02:14:52] [INFO] [DELAY] click 단계: 0.69초 대기
[2025-10-17 02:14:53] [INFO] [DELAY] thinking 단계: 4.17초 대기
[2025-10-17 02:14:57] [INFO] [DELAY] click 단계: 0.60초 대기
[2025-10-17 02:14:58] [INFO] [DELAY] click 단계: 1.00초 대기
[2025-10-17 02:14:59] [INFO] [INFO] 글쓰기 버튼 강제 클릭 성공
[2025-10-17 02:14:59] [INFO] [DELAY] default 단계: 1.17초 대기
[2025-10-17 02:15:01] [INFO] [DELAY] click 단계: 0.61초 대기
[2025-10-17 02:16:34] [INFO] [INFO] 본문 자동 입력 성공 (현실적 패턴)
[2025-10-17 02:16:34] [INFO] [DELAY] typing 단계: 2.32초 대기
[2025-10-17 02:16:37] [INFO] [INFO] 마우스 자연 이동: (744, 499), duration: 0.58s
[2025-10-17 02:16:37] [INFO] [DELAY] upload 단계: 2.48초 대기
[2025-10-17 02:16:39] [INFO] [INFO] 파일 첨부 성공: d:\coding\band_project\resources/images\mozip.gif
[2025-10-17 02:16:39] [INFO] [DELAY] upload 단계: 4.11초 대기
[2025-10-17 02:16:44] [INFO] [INFO] 마우스 자연 이동: (700, 329), duration: 0.41s
[2025-10-17 02:16:44] [INFO] [DELAY] click 단계: 0.63초 대기
[2025-10-17 02:16:46] [INFO] [DELAY] click 단계: 0.96초 대기
[2025-10-17 02:16:47] [INFO] [DELAY] click 단계: 1.24초 대기
[2025-10-17 02:16:48] [INFO] [DELAY] thinking 단계: 3.33초 대기
[2025-10-17 02:16:52] [INFO] [DELAY] scroll 단계: 0.96초 대기
[2025-10-17 02:16:53] [INFO] [DELAY] click 단계: 1.13초 대기
[2025-10-17 02:16:54] [INFO] [DELAY] scroll 단계: 0.55초 대기
[2025-10-17 02:16:55] [INFO] 3번째 밴드 작업 완료, 남은 밴드: 6, 9초 대기 중
[2025-10-17 02:17:06] [INFO] [INFO] 마우스 자연 이동: (797, 278), duration: 1.48s
[2025-10-17 02:17:06] [INFO] [INFO] 창 포커스 및 최대화: main.py - band_project - Visual Studio Code
[2025-10-17 02:17:07] [INFO] [INFO] 마우스 자연 이동: (778, 550), duration: 0.74s
[2025-10-17 02:17:07] [INFO] [DELAY] click 단계: 0.81초 대기
[2025-10-17 02:17:08] [INFO] [DELAY] click 단계: 1.10초 대기
[2025-10-17 02:17:09] [INFO] [DELAY] thinking 단계: 2.87초 대기
[2025-10-17 02:17:12] [INFO] [DELAY] click 단계: 1.16초 대기
[2025-10-17 02:17:14] [INFO] [DELAY] click 단계: 0.84초 대기
[2025-10-17 02:17:15] [INFO] [INFO] 글쓰기 버튼 강제 클릭 성공
[2025-10-17 02:17:15] [INFO] [DELAY] default 단계: 1.47초 대기
[2025-10-17 02:17:16] [INFO] [DELAY] click 단계: 0.82초 대기
[2025-10-17 02:18:50] [INFO] [INFO] 본문 자동 입력 성공 (현실적 패턴)
[2025-10-17 02:18:50] [INFO] [DELAY] typing 단계: 3.38초 대기
[2025-10-17 02:18:55] [INFO] [INFO] 마우스 자연 이동: (735, 290), duration: 0.82s
[2025-10-17 02:18:55] [INFO] [DELAY] upload 단계: 2.63초 대기
[2025-10-17 02:18:58] [INFO] [INFO] 파일 첨부 성공: d:\coding\band_project\resources/images\mozip.gif
[2025-10-17 02:18:58] [INFO] [DELAY] upload 단계: 2.48초 대기
[2025-10-17 02:19:01] [INFO] [INFO] 마우스 자연 이동: (538, 333), duration: 0.79s
[2025-10-17 02:19:01] [INFO] [DELAY] click 단계: 1.14초 대기
[2025-10-17 02:19:03] [INFO] [DELAY] click 단계: 0.81초 대기
[2025-10-17 02:19:04] [INFO] [DELAY] click 단계: 0.93초 대기
[2025-10-17 02:19:05] [INFO] [DELAY] thinking 단계: 3.58초 대기
[2025-10-17 02:19:09] [INFO] [DELAY] scroll 단계: 0.38초 대기
[2025-10-17 02:19:09] [INFO] [DELAY] click 단계: 1.25초 대기
[2025-10-17 02:19:11] [INFO] [DELAY] scroll 단계: 0.46초 대기
[2025-10-17 02:19:12] [INFO] 4번째 밴드 작업 완료, 남은 밴드: 5, 10초 대기 중
[2025-10-17 02:19:23] [INFO] [INFO] 마우스 자연 이동: (461, 341), duration: 1.33s
[2025-10-17 02:19:23] [INFO] [INFO] 창 포커스 및 최대화: main.py - band_project - Visual Studio Code
[2025-10-17 02:19:25] [INFO] [INFO] 마우스 자연 이동: (579, 231), duration: 1.18s
[2025-10-17 02:19:25] [INFO] [DELAY] click 단계: 1.03초 대기
[2025-10-17 02:19:27] [INFO] [DELAY] click 단계: 0.53초 대기
[2025-10-17 02:19:27] [INFO] [DELAY] thinking 단계: 2.40초 대기
[2025-10-17 02:19:30] [INFO] [DELAY] click 단계: 1.27초 대기
[2025-10-17 02:19:32] [INFO] [DELAY] click 단계: 0.86초 대기
[2025-10-17 02:19:33] [INFO] [INFO] 글쓰기 버튼 강제 클릭 성공
[2025-10-17 02:19:33] [INFO] [DELAY] default 단계: 2.30초 대기
[2025-10-17 02:19:35] [INFO] [DELAY] click 단계: 1.04초 대기
[2025-10-17 02:21:07] [INFO] [INFO] 본문 자동 입력 성공 (현실적 패턴)
[2025-10-17 02:21:07] [INFO] [DELAY] typing 단계: 3.49초 대기
[2025-10-17 02:21:12] [INFO] [INFO] 마우스 자연 이동: (776, 266), duration: 1.39s
[2025-10-17 02:21:12] [INFO] [DELAY] upload 단계: 3.52초 대기
[2025-10-17 02:21:16] [INFO] [INFO] 파일 첨부 성공: d:\coding\band_project\resources/images\mozip.gif
[2025-10-17 02:21:16] [INFO] [DELAY] upload 단계: 4.09초 대기
[2025-10-17 02:21:21] [INFO] [INFO] 마우스 자연 이동: (309, 596), duration: 0.52s
[2025-10-17 02:21:21] [INFO] [DELAY] click 단계: 0.68초 대기
[2025-10-17 02:21:22] [INFO] [DELAY] click 단계: 0.89초 대기
[2025-10-17 02:21:23] [INFO] [DELAY] click 단계: 0.87초 대기
[2025-10-17 02:21:24] [INFO] [DELAY] thinking 단계: 4.83초 대기
[2025-10-17 02:21:29] [INFO] [DELAY] scroll 단계: 0.33초 대기
[2025-10-17 02:21:29] [INFO] [DELAY] click 단계: 0.55초 대기
[2025-10-17 02:21:30] [INFO] [DELAY] scroll 단계: 0.65초 대기
[2025-10-17 02:21:31] [INFO] 5번째 밴드 작업 완료, 남은 밴드: 4, 7초 대기 중
[2025-10-17 02:21:39] [INFO] [INFO] 마우스 자연 이동: (689, 500), duration: 0.48s
[2025-10-17 02:21:39] [INFO] [INFO] 창 포커스 및 최대화: main.py - band_project - Visual Studio Code
[2025-10-17 02:21:41] [INFO] [INFO] 마우스 자연 이동: (599, 258), duration: 1.49s
[2025-10-17 02:21:41] [INFO] [DELAY] click 단계: 0.93초 대기
[2025-10-17 02:21:42] [INFO] [DELAY] click 단계: 0.74초 대기
[2025-10-17 02:21:43] [INFO] [DELAY] thinking 단계: 3.68초 대기
[2025-10-17 02:21:47] [INFO] [DELAY] click 단계: 0.91초 대기
[2025-10-17 02:21:48] [INFO] [DELAY] click 단계: 1.21초 대기
[2025-10-17 02:21:49] [INFO] [INFO] 글쓰기 버튼 강제 클릭 성공
[2025-10-17 02:21:49] [INFO] [DELAY] default 단계: 1.24초 대기
[2025-10-17 02:21:51] [INFO] [DELAY] click 단계: 1.29초 대기
[2025-10-17 02:23:27] [INFO] [INFO] 본문 자동 입력 성공 (현실적 패턴)
[2025-10-17 02:23:27] [INFO] [DELAY] typing 단계: 1.70초 대기
[2025-10-17 02:23:30] [INFO] [INFO] 마우스 자연 이동: (793, 526), duration: 1.49s
[2025-10-17 02:23:30] [INFO] [DELAY] upload 단계: 2.95초 대기
[2025-10-17 02:23:33] [INFO] [INFO] 파일 첨부 성공: d:\coding\band_project\resources/images\mozip1.gif
[2025-10-17 02:23:33] [INFO] [DELAY] upload 단계: 4.22초 대기
[2025-10-17 02:23:40] [INFO] [INFO] 마우스 자연 이동: (393, 388), duration: 1.50s
[2025-10-17 02:23:40] [INFO] [DELAY] click 단계: 0.72초 대기
[2025-10-17 02:23:41] [INFO] [DELAY] click 단계: 1.04초 대기
[2025-10-17 02:23:42] [INFO] [DELAY] click 단계: 0.57초 대기
[2025-10-17 02:23:44] [INFO] [DELAY] thinking 단계: 4.28초 대기
[2025-10-17 02:23:48] [INFO] [DELAY] scroll 단계: 0.76초 대기
[2025-10-17 02:23:49] [INFO] [DELAY] click 단계: 0.67초 대기
[2025-10-17 02:23:50] [INFO] [DELAY] scroll 단계: 0.55초 대기
[2025-10-17 02:23:50] [INFO] 6번째 밴드 작업 완료, 남은 밴드: 3, 8초 대기 중
[2025-10-17 02:23:59] [INFO] [INFO] 마우스 자연 이동: (400, 498), duration: 0.57s
[2025-10-17 02:23:59] [INFO] [INFO] 창 포커스 및 최대화: ● main.py - band_project - Visual Studio Code
[2025-10-17 02:24:00] [INFO] [INFO] 마우스 자연 이동: (572, 296), duration: 0.69s
[2025-10-17 02:24:00] [INFO] [DELAY] click 단계: 1.04초 대기
[2025-10-17 02:24:02] [INFO] [DELAY] click 단계: 0.86초 대기
[2025-10-17 02:24:03] [INFO] [DELAY] thinking 단계: 1.75초 대기
[2025-10-17 02:24:05] [INFO] [DELAY] click 단계: 1.03초 대기
[2025-10-17 02:24:06] [INFO] [DELAY] click 단계: 0.97초 대기
[2025-10-17 02:24:07] [INFO] [INFO] 글쓰기 버튼 강제 클릭 성공
[2025-10-17 02:24:07] [INFO] [DELAY] default 단계: 1.41초 대기
[2025-10-17 02:24:09] [INFO] [DELAY] click 단계: 0.62초 대기
[2025-10-17 02:25:44] [INFO] [INFO] 본문 자동 입력 성공 (현실적 패턴)
[2025-10-17 02:25:44] [INFO] [DELAY] typing 단계: 2.31초 대기
[2025-10-17 02:25:48] [INFO] [INFO] 마우스 자연 이동: (335, 400), duration: 1.35s
[2025-10-17 02:25:48] [INFO] [DELAY] upload 단계: 3.78초 대기
[2025-10-17 02:25:52] [INFO] [INFO] 파일 첨부 성공: d:\coding\band_project\resources/images\mozip1.gif
[2025-10-17 02:25:52] [INFO] [DELAY] upload 단계: 2.38초 대기
[2025-10-17 02:25:55] [INFO] [INFO] 마우스 자연 이동: (728, 593), duration: 0.81s
[2025-10-17 02:25:55] [INFO] [DELAY] click 단계: 0.79초 대기
[2025-10-17 02:25:56] [INFO] [DELAY] click 단계: 0.57초 대기
[2025-10-17 02:25:57] [INFO] [DELAY] click 단계: 0.77초 대기
[2025-10-17 02:25:58] [INFO] [DELAY] thinking 단계: 2.39초 대기
[2025-10-17 02:26:00] [INFO] [DELAY] scroll 단계: 0.96초 대기
[2025-10-17 02:26:01] [INFO] [DELAY] click 단계: 1.11초 대기
[2025-10-17 02:26:03] [INFO] [DELAY] scroll 단계: 0.38초 대기
[2025-10-17 02:26:03] [INFO] 7번째 밴드 작업 완료, 남은 밴드: 2, 13초 대기 중
[2025-10-17 02:26:18] [INFO] [INFO] 마우스 자연 이동: (656, 273), duration: 1.16s
[2025-10-17 02:26:18] [INFO] [INFO] 창 포커스 및 최대화: ● main.py - band_project - Visual Studio Code
[2025-10-17 02:26:20] [INFO] [INFO] 마우스 자연 이동: (500, 597), duration: 1.27s
[2025-10-17 02:26:20] [INFO] [DELAY] click 단계: 0.79초 대기
[2025-10-17 02:26:21] [INFO] [DELAY] click 단계: 0.78초 대기
[2025-10-17 02:26:22] [INFO] [DELAY] thinking 단계: 4.11초 대기
[2025-10-17 02:26:26] [INFO] [DELAY] click 단계: 0.54초 대기
[2025-10-17 02:26:27] [INFO] [DELAY] click 단계: 1.18초 대기
[2025-10-17 02:26:29] [INFO] [INFO] 글쓰기 버튼 강제 클릭 성공
[2025-10-17 02:26:29] [INFO] [DELAY] default 단계: 1.76초 대기
[2025-10-17 02:26:30] [INFO] [DELAY] click 단계: 1.17초 대기
[2025-10-17 02:28:06] [INFO] [INFO] 본문 자동 입력 성공 (현실적 패턴)
[2025-10-17 02:28:06] [INFO] [DELAY] typing 단계: 2.80초 대기
[2025-10-17 02:28:10] [INFO] [INFO] 마우스 자연 이동: (372, 234), duration: 1.11s
[2025-10-17 02:28:10] [INFO] [DELAY] upload 단계: 3.01초 대기
[2025-10-17 02:28:13] [INFO] [INFO] 파일 첨부 성공: d:\coding\band_project\resources/images\mozip1.gif
[2025-10-17 02:28:13] [INFO] [DELAY] upload 단계: 2.91초 대기
[2025-10-17 02:28:17] [INFO] [INFO] 마우스 자연 이동: (331, 284), duration: 0.48s
[2025-10-17 02:28:17] [INFO] [DELAY] click 단계: 0.87초 대기
[2025-10-17 02:28:18] [INFO] [DELAY] click 단계: 0.85초 대기
[2025-10-17 02:28:19] [INFO] [DELAY] click 단계: 1.13초 대기
[2025-10-17 02:28:21] [INFO] [DELAY] thinking 단계: 4.15초 대기
[2025-10-17 02:28:25] [INFO] [DELAY] scroll 단계: 0.39초 대기
[2025-10-17 02:28:25] [INFO] [DELAY] click 단계: 0.80초 대기
[2025-10-17 02:28:27] [INFO] [DELAY] scroll 단계: 0.62초 대기
[2025-10-17 02:28:27] [INFO] 8번째 밴드 작업 완료, 남은 밴드: 1, 6초 대기 중
[2025-10-17 02:28:34] [INFO] [INFO] 마우스 자연 이동: (770, 483), duration: 0.51s
[2025-10-17 02:28:34] [INFO] [INFO] 창 포커스 및 최대화: ● main.py - band_project - Visual Studio Code
[2025-10-17 02:28:35] [INFO] [INFO] 마우스 자연 이동: (834, 225), duration: 0.71s
[2025-10-17 02:28:35] [INFO] [DELAY] click 단계: 0.58초 대기
[2025-10-17 02:28:36] [INFO] [DELAY] click 단계: 1.29초 대기
[2025-10-17 02:28:38] [INFO] [DELAY] thinking 단계: 2.28초 대기
[2025-10-17 02:28:40] [INFO] [DELAY] click 단계: 0.73초 대기
[2025-10-17 02:28:41] [INFO] [DELAY] click 단계: 1.01초 대기
[2025-10-17 02:28:42] [INFO] [INFO] 글쓰기 버튼 강제 클릭 성공
[2025-10-17 02:28:42] [INFO] [DELAY] default 단계: 2.31초 대기
[2025-10-17 02:28:45] [INFO] [DELAY] click 단계: 0.82초 대기
[2025-10-17 02:30:19] [INFO] [INFO] 본문 자동 입력 성공 (현실적 패턴)
[2025-10-17 02:30:19] [INFO] [DELAY] typing 단계: 2.10초 대기
[2025-10-17 02:30:23] [INFO] [INFO] 마우스 자연 이동: (855, 553), duration: 1.08s
[2025-10-17 02:30:23] [INFO] [DELAY] upload 단계: 2.57초 대기
[2025-10-17 02:30:25] [INFO] [INFO] 파일 첨부 성공: d:\coding\band_project\resources/images\mozip.gif
[2025-10-17 02:30:25] [INFO] [DELAY] upload 단계: 3.45초 대기
[2025-10-17 02:30:31] [INFO] [INFO] 마우스 자연 이동: (567, 388), duration: 1.37s
[2025-10-17 02:30:31] [INFO] [DELAY] click 단계: 0.65초 대기
[2025-10-17 02:30:32] [INFO] [DELAY] click 단계: 1.16초 대기
[2025-10-17 02:30:33] [INFO] [DELAY] click 단계: 0.64초 대기
[2025-10-17 02:30:34] [INFO] [DELAY] thinking 단계: 1.61초 대기
[2025-10-17 02:30:36] [INFO] [DELAY] scroll 단계: 0.95초 대기
[2025-10-17 02:30:37] [INFO] [DELAY] click 단계: 1.08초 대기
[2025-10-17 02:30:39] [INFO] [DELAY] scroll 단계: 0.93초 대기
[2025-10-17 02:30:40] [INFO] 9번째 밴드 작업 완료, 남은 밴드: 0, 6초 대기 중
[2025-10-17 02:30:48] [INFO] [INFO] 마우스 자연 이동: (682, 204), duration: 1.34s
[2025-10-17 02:30:48] [INFO] roof_bands 실패 밴드 리스트: []
[2025-10-17 02:31:06] [INFO] [INFO] 로그아웃 절차 시작
[2025-10-17 02:31:06] [INFO] [DELAY] click 단계: 0.58초 대기
[2025-10-17 02:31:07] [INFO] [DELAY] click 단계: 0.50초 대기
[2025-10-17 02:31:07] [INFO] [DELAY] click 단계: 0.75초 대기
[2025-10-17 02:31:09] [INFO] [DELAY] click 단계: 0.91초 대기
[2025-10-17 02:31:10] [INFO] [DELAY] click 단계: 0.60초 대기
[2025-10-17 02:31:11] [INFO] [DELAY] click 단계: 0.68초 대기
